# JRE version: OpenJDK Runtime Environment (8.0_152-b01) (build 1.8.0_152-release-1012-b01)
# Java VM: OpenJDK 64-Bit Server VM (25.152-b01 mixed mode linux-amd64 compressed oops)
Heap:
 PSYoungGen      total 349696K, used 0K [0x00000000e0000000, 0x0000000100000000, 0x0000000100000000)
  eden space 175104K, 0% used [0x00000000e0000000,0x00000000e0000000,0x00000000eab00000)
  from space 174592K, 0% used [0x00000000f5580000,0x00000000f5580000,0x0000000100000000)
  to   space 174592K, 0% used [0x00000000eab00000,0x00000000eab00000,0x00000000f5580000)
 ParOldGen       total 581120K, used 570836K [0x00000000a0000000, 0x00000000c3780000, 0x00000000e0000000)
  object space 581120K, 98% used [0x00000000a0000000,0x00000000c2d75230,0x00000000c3780000)
 Metaspace       used 109351K, capacity 116348K, committed 116736K, reserved 1150976K
  class space    used 13653K, capacity 15237K, committed 15360K, reserved 1048576K
GC Heap History (10 events):
Event: 1886.670 GC heap after
Heap after GC invocations=52 (full 6):
 PSYoungGen      total 349696K, used 56204K [0x00000000e0000000, 0x0000000100000000, 0x0000000100000000)
  eden space 175104K, 0% used [0x00000000e0000000,0x00000000e0000000,0x00000000eab00000)
  from space 174592K, 32% used [0x00000000f5580000,0x00000000f8c630d8,0x0000000100000000)
  to   space 174592K, 0% used [0x00000000eab00000,0x00000000eab00000,0x00000000f5580000)
 ParOldGen       total 581120K, used 430649K [0x00000000a0000000, 0x00000000c3780000, 0x00000000e0000000)
  object space 581120K, 74% used [0x00000000a0000000,0x00000000ba48e5d0,0x00000000c3780000)
 Metaspace       used 107440K, capacity 114086K, committed 114304K, reserved 1148928K
  class space    used 13424K, capacity 14932K, committed 14976K, reserved 1048576K
}
Event: 2066.659 GC heap before
{Heap before GC invocations=53 (full 6):
 PSYoungGen      total 349696K, used 231308K [0x00000000e0000000, 0x0000000100000000, 0x0000000100000000)
  eden space 175104K, 100% used [0x00000000e0000000,0x00000000eab00000,0x00000000eab00000)
  from space 174592K, 32% used [0x00000000f5580000,0x00000000f8c630d8,0x0000000100000000)
  to   space 174592K, 0% used [0x00000000eab00000,0x00000000eab00000,0x00000000f5580000)
 ParOldGen       total 581120K, used 430649K [0x00000000a0000000, 0x00000000c3780000, 0x00000000e0000000)
  object space 581120K, 74% used [0x00000000a0000000,0x00000000ba48e5d0,0x00000000c3780000)
 Metaspace       used 107516K, capacity 114270K, committed 114304K, reserved 1148928K
  class space    used 13435K, capacity 14972K, committed 14976K, reserved 1048576K
Event: 2067.187 GC heap after
Heap after GC invocations=53 (full 6):
 PSYoungGen      total 349696K, used 2633K [0x00000000e0000000, 0x0000000100000000, 0x0000000100000000)
  eden space 175104K, 0% used [0x00000000e0000000,0x00000000e0000000,0x00000000eab00000)
  from space 174592K, 1% used [0x00000000eab00000,0x00000000ead92410,0x00000000f5580000)
  to   space 174592K, 0% used [0x00000000f5580000,0x00000000f5580000,0x0000000100000000)
 ParOldGen       total 581120K, used 483291K [0x00000000a0000000, 0x00000000c3780000, 0x00000000e0000000)
  object space 581120K, 83% used [0x00000000a0000000,0x00000000bd7f6e00,0x00000000c3780000)
 Metaspace       used 107516K, capacity 114270K, committed 114304K, reserved 1148928K
  class space    used 13435K, capacity 14972K, committed 14976K, reserved 1048576K
}
Event: 2071.680 GC heap before
{Heap before GC invocations=54 (full 6):
 PSYoungGen      total 349696K, used 177733K [0x00000000e0000000, 0x0000000100000000, 0x0000000100000000)
  eden space 175104K, 99% used [0x00000000e0000000,0x00000000eaaff280,0x00000000eab00000)
  from space 174592K, 1% used [0x00000000eab00000,0x00000000ead92410,0x00000000f5580000)
  to   space 174592K, 0% used [0x00000000f5580000,0x00000000f5580000,0x0000000100000000)
 ParOldGen       total 581120K, used 483291K [0x00000000a0000000, 0x00000000c3780000, 0x00000000e0000000)
  object space 581120K, 83% used [0x00000000a0000000,0x00000000bd7f6e00,0x00000000c3780000)
 Metaspace       used 107693K, capacity 114568K, committed 114688K, reserved 1148928K
  class space    used 13461K, capacity 15021K, committed 15104K, reserved 1048576K
Event: 2071.716 GC heap after
Heap after GC invocations=54 (full 6):
 PSYoungGen      total 349696K, used 9507K [0x00000000e0000000, 0x0000000100000000, 0x0000000100000000)
  eden space 175104K, 0% used [0x00000000e0000000,0x00000000e0000000,0x00000000eab00000)
  from space 174592K, 5% used [0x00000000f5580000,0x00000000f5ec8d38,0x0000000100000000)
  to   space 174592K, 0% used [0x00000000eab00000,0x00000000eab00000,0x00000000f5580000)
 ParOldGen       total 581120K, used 483735K [0x00000000a0000000, 0x00000000c3780000, 0x00000000e0000000)
  object space 581120K, 83% used [0x00000000a0000000,0x00000000bd865e30,0x00000000c3780000)
 Metaspace       used 107693K, capacity 114568K, committed 114688K, reserved 1148928K
  class space    used 13461K, capacity 15021K, committed 15104K, reserved 1048576K
}
Event: 2072.747 GC heap before
{Heap before GC invocations=55 (full 6):
 PSYoungGen      total 349696K, used 184611K [0x00000000e0000000, 0x0000000100000000, 0x0000000100000000)
  eden space 175104K, 100% used [0x00000000e0000000,0x00000000eab00000,0x00000000eab00000)
  from space 174592K, 5% used [0x00000000f5580000,0x00000000f5ec8d38,0x0000000100000000)
  to   space 174592K, 0% used [0x00000000eab00000,0x00000000eab00000,0x00000000f5580000)
 ParOldGen       total 581120K, used 483735K [0x00000000a0000000, 0x00000000c3780000, 0x00000000e0000000)
  object space 581120K, 83% used [0x00000000a0000000,0x00000000bd865e30,0x00000000c3780000)
 Metaspace       used 109281K, capacity 116204K, committed 116480K, reserved 1150976K
  class space    used 13652K, capacity 15235K, committed 15360K, reserved 1048576K
Event: 2073.252 GC heap after
Heap after GC invocations=55 (full 6):
 PSYoungGen      total 349696K, used 87438K [0x00000000e0000000, 0x0000000100000000, 0x0000000100000000)
  eden space 175104K, 0% used [0x00000000e0000000,0x00000000e0000000,0x00000000eab00000)
  from space 174592K, 50% used [0x00000000eab00000,0x00000000f00639e8,0x00000000f5580000)
  to   space 174592K, 0% used [0x00000000f5580000,0x00000000f5580000,0x0000000100000000)
 ParOldGen       total 581120K, used 491667K [0x00000000a0000000, 0x00000000c3780000, 0x00000000e0000000)
  object space 581120K, 84% used [0x00000000a0000000,0x00000000be024cf0,0x00000000c3780000)
 Metaspace       used 109281K, capacity 116204K, committed 116480K, reserved 1150976K
  class space    used 13652K, capacity 15235K, committed 15360K, reserved 1048576K
}
Event: 2074.875 GC heap before
{Heap before GC invocations=56 (full 6):
 PSYoungGen      total 349696K, used 262542K [0x00000000e0000000, 0x0000000100000000, 0x0000000100000000)
  eden space 175104K, 100% used [0x00000000e0000000,0x00000000eab00000,0x00000000eab00000)
  from space 174592K, 50% used [0x00000000eab00000,0x00000000f00639e8,0x00000000f5580000)
  to   space 174592K, 0% used [0x00000000f5580000,0x00000000f5580000,0x0000000100000000)
 ParOldGen       total 581120K, used 491667K [0x00000000a0000000, 0x00000000c3780000, 0x00000000e0000000)
  object space 581120K, 84% used [0x00000000a0000000,0x00000000be024cf0,0x00000000c3780000)
 Metaspace       used 109351K, capacity 116348K, committed 116736K, reserved 1150976K
  class space    used 13653K, capacity 15237K, committed 15360K, reserved 1048576K
Event: 2075.151 GC heap after
Heap after GC invocations=56 (full 6):
 PSYoungGen      total 349696K, used 6882K [0x00000000e0000000, 0x0000000100000000, 0x0000000100000000)
  eden space 175104K, 0% used [0x00000000e0000000,0x00000000e0000000,0x00000000eab00000)
  from space 174592K, 3% used [0x00000000f5580000,0x00000000f5c38880,0x0000000100000000)
  to   space 174592K, 0% used [0x00000000eab00000,0x00000000eab00000,0x00000000f5580000)
 ParOldGen       total 581120K, used 572348K [0x00000000a0000000, 0x00000000c3780000, 0x00000000e0000000)
  object space 581120K, 98% used [0x00000000a0000000,0x00000000c2eef018,0x00000000c3780000)
 Metaspace       used 109351K, capacity 116348K, committed 116736K, reserved 1150976K
  class space    used 13653K, capacity 15237K, committed 15360K, reserved 1048576K
}
Event: 2075.155 GC heap before
{Heap before GC invocations=57 (full 7):
 PSYoungGen      total 349696K, used 6882K [0x00000000e0000000, 0x0000000100000000, 0x0000000100000000)
  eden space 175104K, 0% used [0x00000000e0000000,0x00000000e0000000,0x00000000eab00000)
  from space 174592K, 3% used [0x00000000f5580000,0x00000000f5c38880,0x0000000100000000)
  to   space 174592K, 0% used [0x00000000eab00000,0x00000000eab00000,0x00000000f5580000)
 ParOldGen       total 581120K, used 572348K [0x00000000a0000000, 0x00000000c3780000, 0x00000000e0000000)
  object space 581120K, 98% used [0x00000000a0000000,0x00000000c2eef018,0x00000000c3780000)
 Metaspace       used 109351K, capacity 116348K, committed 116736K, reserved 1150976K
  class space    used 13653K, capacity 15237K, committed 15360K, reserved 1048576K

