# JRE version: OpenJDK Runtime Environment (8.0_152-b01) (build 1.8.0_152-release-1024-b01)
# Java VM: OpenJDK 64-Bit Server VM (25.152-b01 mixed mode linux-amd64 compressed oops)
Heap:
 PSYoungGen      total 349696K, used 0K [0x00000000e0000000, 0x0000000100000000, 0x0000000100000000)
  eden space 175104K, 0% used [0x00000000e0000000,0x00000000e0000000,0x00000000eab00000)
  from space 174592K, 0% used [0x00000000eab00000,0x00000000eab00000,0x00000000f5580000)
  to   space 174592K, 0% used [0x00000000f5580000,0x00000000f5580000,0x0000000100000000)
 ParOldGen       total 695808K, used 582698K [0x00000000a0000000, 0x00000000ca780000, 0x00000000e0000000)
  object space 695808K, 83% used [0x00000000a0000000,0x00000000c390a820,0x00000000ca780000)
 Metaspace       used 111715K, capacity 119840K, committed 137816K, reserved 1169408K
  class space    used 13395K, capacity 15370K, committed 17280K, reserved 1048576K
GC Heap History (10 events):
Event: 8751.625 GC heap after
Heap after GC invocations=128 (full 21):
 PSYoungGen      total 349696K, used 9306K [0x00000000e0000000, 0x0000000100000000, 0x0000000100000000)
  eden space 175104K, 0% used [0x00000000e0000000,0x00000000e0000000,0x00000000eab00000)
  from space 174592K, 5% used [0x00000000eab00000,0x00000000eb416910,0x00000000f5580000)
  to   space 174592K, 0% used [0x00000000f5580000,0x00000000f5580000,0x0000000100000000)
 ParOldGen       total 695808K, used 489626K [0x00000000a0000000, 0x00000000ca780000, 0x00000000e0000000)
  object space 695808K, 70% used [0x00000000a0000000,0x00000000bde26908,0x00000000ca780000)
 Metaspace       used 108230K, capacity 116184K, committed 137816K, reserved 1169408K
  class space    used 13054K, capacity 15010K, committed 17280K, reserved 1048576K
}
Event: 8758.095 GC heap before
{Heap before GC invocations=129 (full 21):
 PSYoungGen      total 349696K, used 184410K [0x00000000e0000000, 0x0000000100000000, 0x0000000100000000)
  eden space 175104K, 100% used [0x00000000e0000000,0x00000000eab00000,0x00000000eab00000)
  from space 174592K, 5% used [0x00000000eab00000,0x00000000eb416910,0x00000000f5580000)
  to   space 174592K, 0% used [0x00000000f5580000,0x00000000f5580000,0x0000000100000000)
 ParOldGen       total 695808K, used 489626K [0x00000000a0000000, 0x00000000ca780000, 0x00000000e0000000)
  object space 695808K, 70% used [0x00000000a0000000,0x00000000bde26908,0x00000000ca780000)
 Metaspace       used 108355K, capacity 116312K, committed 137816K, reserved 1169408K
  class space    used 13061K, capacity 15020K, committed 17280K, reserved 1048576K
Event: 8758.330 GC heap after
Heap after GC invocations=129 (full 21):
 PSYoungGen      total 349696K, used 11840K [0x00000000e0000000, 0x0000000100000000, 0x0000000100000000)
  eden space 175104K, 0% used [0x00000000e0000000,0x00000000e0000000,0x00000000eab00000)
  from space 174592K, 6% used [0x00000000f5580000,0x00000000f6110040,0x0000000100000000)
  to   space 174592K, 0% used [0x00000000eab00000,0x00000000eab00000,0x00000000f5580000)
 ParOldGen       total 695808K, used 497434K [0x00000000a0000000, 0x00000000ca780000, 0x00000000e0000000)
  object space 695808K, 71% used [0x00000000a0000000,0x00000000be5c6be0,0x00000000ca780000)
 Metaspace       used 108355K, capacity 116312K, committed 137816K, reserved 1169408K
  class space    used 13061K, capacity 15020K, committed 17280K, reserved 1048576K
}
Event: 8760.413 GC heap before
{Heap before GC invocations=130 (full 21):
 PSYoungGen      total 349696K, used 186944K [0x00000000e0000000, 0x0000000100000000, 0x0000000100000000)
  eden space 175104K, 100% used [0x00000000e0000000,0x00000000eab00000,0x00000000eab00000)
  from space 174592K, 6% used [0x00000000f5580000,0x00000000f6110040,0x0000000100000000)
  to   space 174592K, 0% used [0x00000000eab00000,0x00000000eab00000,0x00000000f5580000)
 ParOldGen       total 695808K, used 497434K [0x00000000a0000000, 0x00000000ca780000, 0x00000000e0000000)
  object space 695808K, 71% used [0x00000000a0000000,0x00000000be5c6be0,0x00000000ca780000)
 Metaspace       used 110949K, capacity 119052K, committed 137816K, reserved 1169408K
  class space    used 13323K, capacity 15302K, committed 17280K, reserved 1048576K
Event: 8760.745 GC heap after
Heap after GC invocations=130 (full 21):
 PSYoungGen      total 349696K, used 75532K [0x00000000e0000000, 0x0000000100000000, 0x0000000100000000)
  eden space 175104K, 0% used [0x00000000e0000000,0x00000000e0000000,0x00000000eab00000)
  from space 174592K, 43% used [0x00000000eab00000,0x00000000ef4c3388,0x00000000f5580000)
  to   space 174592K, 0% used [0x00000000f5580000,0x00000000f5580000,0x0000000100000000)
 ParOldGen       total 695808K, used 501770K [0x00000000a0000000, 0x00000000ca780000, 0x00000000e0000000)
  object space 695808K, 72% used [0x00000000a0000000,0x00000000bea02910,0x00000000ca780000)
 Metaspace       used 110949K, capacity 119052K, committed 137816K, reserved 1169408K
  class space    used 13323K, capacity 15302K, committed 17280K, reserved 1048576K
}
Event: 8762.499 GC heap before
{Heap before GC invocations=131 (full 21):
 PSYoungGen      total 349696K, used 249851K [0x00000000e0000000, 0x0000000100000000, 0x0000000100000000)
  eden space 175104K, 99% used [0x00000000e0000000,0x00000000eaa3b9d8,0x00000000eab00000)
  from space 174592K, 43% used [0x00000000eab00000,0x00000000ef4c3388,0x00000000f5580000)
  to   space 174592K, 0% used [0x00000000f5580000,0x00000000f5580000,0x0000000100000000)
 ParOldGen       total 695808K, used 501770K [0x00000000a0000000, 0x00000000ca780000, 0x00000000e0000000)
  object space 695808K, 72% used [0x00000000a0000000,0x00000000bea02910,0x00000000ca780000)
 Metaspace       used 111706K, capacity 119840K, committed 137816K, reserved 1169408K
  class space    used 13395K, capacity 15370K, committed 17280K, reserved 1048576K
Event: 8763.763 GC heap after
Heap after GC invocations=131 (full 21):
 PSYoungGen      total 349696K, used 44419K [0x00000000e0000000, 0x0000000100000000, 0x0000000100000000)
  eden space 175104K, 0% used [0x00000000e0000000,0x00000000e0000000,0x00000000eab00000)
  from space 174592K, 25% used [0x00000000f5580000,0x00000000f80e0fb8,0x0000000100000000)
  to   space 174592K, 0% used [0x00000000eab00000,0x00000000eab00000,0x00000000f5580000)
 ParOldGen       total 695808K, used 567891K [0x00000000a0000000, 0x00000000ca780000, 0x00000000e0000000)
  object space 695808K, 81% used [0x00000000a0000000,0x00000000c2a94dd8,0x00000000ca780000)
 Metaspace       used 111706K, capacity 119840K, committed 137816K, reserved 1169408K
  class space    used 13395K, capacity 15370K, committed 17280K, reserved 1048576K
}
Event: 8764.696 GC heap before
{Heap before GC invocations=132 (full 21):
 PSYoungGen      total 349696K, used 219523K [0x00000000e0000000, 0x0000000100000000, 0x0000000100000000)
  eden space 175104K, 100% used [0x00000000e0000000,0x00000000eab00000,0x00000000eab00000)
  from space 174592K, 25% used [0x00000000f5580000,0x00000000f80e0fb8,0x0000000100000000)
  to   space 174592K, 0% used [0x00000000eab00000,0x00000000eab00000,0x00000000f5580000)
 ParOldGen       total 695808K, used 567891K [0x00000000a0000000, 0x00000000ca780000, 0x00000000e0000000)
  object space 695808K, 81% used [0x00000000a0000000,0x00000000c2a94dd8,0x00000000ca780000)
 Metaspace       used 111715K, capacity 119840K, committed 137816K, reserved 1169408K
  class space    used 13395K, capacity 15370K, committed 17280K, reserved 1048576K
Event: 8765.060 GC heap after
Heap after GC invocations=132 (full 21):
 PSYoungGen      total 349696K, used 3150K [0x00000000e0000000, 0x0000000100000000, 0x0000000100000000)
  eden space 175104K, 0% used [0x00000000e0000000,0x00000000e0000000,0x00000000eab00000)
  from space 174592K, 1% used [0x00000000eab00000,0x00000000eae13990,0x00000000f5580000)
  to   space 174592K, 0% used [0x00000000f5580000,0x00000000f5580000,0x0000000100000000)
 ParOldGen       total 695808K, used 609894K [0x00000000a0000000, 0x00000000ca780000, 0x00000000e0000000)
  object space 695808K, 87% used [0x00000000a0000000,0x00000000c5399880,0x00000000ca780000)
 Metaspace       used 111715K, capacity 119840K, committed 137816K, reserved 1169408K
  class space    used 13395K, capacity 15370K, committed 17280K, reserved 1048576K
}
Event: 8765.060 GC heap before
{Heap before GC invocations=133 (full 22):
 PSYoungGen      total 349696K, used 3150K [0x00000000e0000000, 0x0000000100000000, 0x0000000100000000)
  eden space 175104K, 0% used [0x00000000e0000000,0x00000000e0000000,0x00000000eab00000)
  from space 174592K, 1% used [0x00000000eab00000,0x00000000eae13990,0x00000000f5580000)
  to   space 174592K, 0% used [0x00000000f5580000,0x00000000f5580000,0x0000000100000000)
 ParOldGen       total 695808K, used 609894K [0x00000000a0000000, 0x00000000ca780000, 0x00000000e0000000)
  object space 695808K, 87% used [0x00000000a0000000,0x00000000c5399880,0x00000000ca780000)
 Metaspace       used 111715K, capacity 119840K, committed 137816K, reserved 1169408K
  class space    used 13395K, capacity 15370K, committed 17280K, reserved 1048576K

