# JRE version: OpenJDK Runtime Environment (8.0_152-b01) (build 1.8.0_152-release-1024-b01)
# Java VM: OpenJDK 64-Bit Server VM (25.152-b01 mixed mode linux-amd64 compressed oops)
Heap:
 PSYoungGen      total 158208K, used 14922K [0x00000000e0000000, 0x00000000eaf80000, 0x0000000100000000)
  eden space 140800K, 0% used [0x00000000e0000000,0x00000000e0000000,0x00000000e8980000)
  from space 17408K, 85% used [0x00000000e8980000,0x00000000e9812960,0x00000000e9a80000)
  to   space 13312K, 0% used [0x00000000e9a80000,0x00000000e9a80000,0x00000000ea780000)
 ParOldGen       total 62464K, used 35349K [0x00000000a0000000, 0x00000000a3d00000, 0x00000000e0000000)
  object space 62464K, 56% used [0x00000000a0000000,0x00000000a22855b0,0x00000000a3d00000)
 Metaspace       used 55887K, capacity 57438K, committed 57688K, reserved 1099776K
  class space    used 7556K, capacity 7951K, committed 8064K, reserved 1048576K
GC Heap History (10 events):
Event: 5.457 GC heap after
Heap after GC invocations=10 (full 1):
 PSYoungGen      total 118272K, used 8698K [0x00000000e0000000, 0x00000000e8180000, 0x0000000100000000)
  eden space 109568K, 0% used [0x00000000e0000000,0x00000000e0000000,0x00000000e6b00000)
  from space 8704K, 99% used [0x00000000e7700000,0x00000000e7f7e8d8,0x00000000e7f80000)
  to   space 2048K, 0% used [0x00000000e7f80000,0x00000000e7f80000,0x00000000e8180000)
 ParOldGen       total 38912K, used 10906K [0x00000000a0000000, 0x00000000a2600000, 0x00000000e0000000)
  object space 38912K, 28% used [0x00000000a0000000,0x00000000a0aa6970,0x00000000a2600000)
 Metaspace       used 30571K, capacity 31036K, committed 31232K, reserved 1077248K
  class space    used 4183K, capacity 4333K, committed 4352K, reserved 1048576K
}
Event: 7.195 GC heap before
{Heap before GC invocations=11 (full 1):
 PSYoungGen      total 118272K, used 72612K [0x00000000e0000000, 0x00000000e8180000, 0x0000000100000000)
  eden space 109568K, 58% used [0x00000000e0000000,0x00000000e3e6aad0,0x00000000e6b00000)
  from space 8704K, 99% used [0x00000000e7700000,0x00000000e7f7e8d8,0x00000000e7f80000)
  to   space 2048K, 0% used [0x00000000e7f80000,0x00000000e7f80000,0x00000000e8180000)
 ParOldGen       total 38912K, used 10906K [0x00000000a0000000, 0x00000000a2600000, 0x00000000e0000000)
  object space 38912K, 28% used [0x00000000a0000000,0x00000000a0aa6970,0x00000000a2600000)
 Metaspace       used 34758K, capacity 35286K, committed 35416K, reserved 1079296K
  class space    used 4750K, capacity 4945K, committed 4992K, reserved 1048576K
Event: 7.226 GC heap after
Heap after GC invocations=11 (full 1):
 PSYoungGen      total 121344K, used 2032K [0x00000000e0000000, 0x00000000e9a00000, 0x0000000100000000)
  eden space 119296K, 0% used [0x00000000e0000000,0x00000000e0000000,0x00000000e7480000)
  from space 2048K, 99% used [0x00000000e7f80000,0x00000000e817c010,0x00000000e8180000)
  to   space 11264K, 0% used [0x00000000e7480000,0x00000000e7480000,0x00000000e7f80000)
 ParOldGen       total 38912K, used 18604K [0x00000000a0000000, 0x00000000a2600000, 0x00000000e0000000)
  object space 38912K, 47% used [0x00000000a0000000,0x00000000a122b288,0x00000000a2600000)
 Metaspace       used 34758K, capacity 35286K, committed 35416K, reserved 1079296K
  class space    used 4750K, capacity 4945K, committed 4992K, reserved 1048576K
}
Event: 7.226 GC heap before
{Heap before GC invocations=12 (full 2):
 PSYoungGen      total 121344K, used 2032K [0x00000000e0000000, 0x00000000e9a00000, 0x0000000100000000)
  eden space 119296K, 0% used [0x00000000e0000000,0x00000000e0000000,0x00000000e7480000)
  from space 2048K, 99% used [0x00000000e7f80000,0x00000000e817c010,0x00000000e8180000)
  to   space 11264K, 0% used [0x00000000e7480000,0x00000000e7480000,0x00000000e7f80000)
 ParOldGen       total 38912K, used 18604K [0x00000000a0000000, 0x00000000a2600000, 0x00000000e0000000)
  object space 38912K, 47% used [0x00000000a0000000,0x00000000a122b288,0x00000000a2600000)
 Metaspace       used 34758K, capacity 35286K, committed 35416K, reserved 1079296K
  class space    used 4750K, capacity 4945K, committed 4992K, reserved 1048576K
Event: 7.383 GC heap after
Heap after GC invocations=12 (full 2):
 PSYoungGen      total 121344K, used 0K [0x00000000e0000000, 0x00000000e9a00000, 0x0000000100000000)
  eden space 119296K, 0% used [0x00000000e0000000,0x00000000e0000000,0x00000000e7480000)
  from space 2048K, 0% used [0x00000000e7f80000,0x00000000e7f80000,0x00000000e8180000)
  to   space 11264K, 0% used [0x00000000e7480000,0x00000000e7480000,0x00000000e7f80000)
 ParOldGen       total 62464K, used 16140K [0x00000000a0000000, 0x00000000a3d00000, 0x00000000e0000000)
  object space 62464K, 25% used [0x00000000a0000000,0x00000000a0fc30d8,0x00000000a3d00000)
 Metaspace       used 34758K, capacity 35286K, committed 35416K, reserved 1079296K
  class space    used 4750K, capacity 4945K, committed 4992K, reserved 1048576K
}
Event: 9.389 GC heap before
{Heap before GC invocations=13 (full 2):
 PSYoungGen      total 121344K, used 119296K [0x00000000e0000000, 0x00000000e9a00000, 0x0000000100000000)
  eden space 119296K, 100% used [0x00000000e0000000,0x00000000e7480000,0x00000000e7480000)
  from space 2048K, 0% used [0x00000000e7f80000,0x00000000e7f80000,0x00000000e8180000)
  to   space 11264K, 0% used [0x00000000e7480000,0x00000000e7480000,0x00000000e7f80000)
 ParOldGen       total 62464K, used 16140K [0x00000000a0000000, 0x00000000a3d00000, 0x00000000e0000000)
  object space 62464K, 25% used [0x00000000a0000000,0x00000000a0fc30d8,0x00000000a3d00000)
 Metaspace       used 42246K, capacity 42990K, committed 43352K, reserved 1087488K
  class space    used 5673K, capacity 5922K, committed 6016K, reserved 1048576K
Event: 9.413 GC heap after
Heap after GC invocations=13 (full 2):
 PSYoungGen      total 130560K, used 11246K [0x00000000e0000000, 0x00000000ea780000, 0x0000000100000000)
  eden space 119296K, 0% used [0x00000000e0000000,0x00000000e0000000,0x00000000e7480000)
  from space 11264K, 99% used [0x00000000e7480000,0x00000000e7f7b8a8,0x00000000e7f80000)
  to   space 13312K, 0% used [0x00000000e9a80000,0x00000000e9a80000,0x00000000ea780000)
 ParOldGen       total 62464K, used 18157K [0x00000000a0000000, 0x00000000a3d00000, 0x00000000e0000000)
  object space 62464K, 29% used [0x00000000a0000000,0x00000000a11bb4d0,0x00000000a3d00000)
 Metaspace       used 42246K, capacity 42990K, committed 43352K, reserved 1087488K
  class space    used 5673K, capacity 5922K, committed 6016K, reserved 1048576K
}
Event: 11.502 GC heap before
{Heap before GC invocations=14 (full 2):
 PSYoungGen      total 130560K, used 130542K [0x00000000e0000000, 0x00000000ea780000, 0x0000000100000000)
  eden space 119296K, 100% used [0x00000000e0000000,0x00000000e7480000,0x00000000e7480000)
  from space 11264K, 99% used [0x00000000e7480000,0x00000000e7f7b8a8,0x00000000e7f80000)
  to   space 13312K, 0% used [0x00000000e9a80000,0x00000000e9a80000,0x00000000ea780000)
 ParOldGen       total 62464K, used 18157K [0x00000000a0000000, 0x00000000a3d00000, 0x00000000e0000000)
  object space 62464K, 29% used [0x00000000a0000000,0x00000000a11bb4d0,0x00000000a3d00000)
 Metaspace       used 50537K, capacity 51774K, committed 52056K, reserved 1093632K
  class space    used 6814K, capacity 7169K, committed 7296K, reserved 1048576K
Event: 11.543 GC heap after
Heap after GC invocations=14 (full 2):
 PSYoungGen      total 154112K, used 13301K [0x00000000e0000000, 0x00000000eaf80000, 0x0000000100000000)
  eden space 140800K, 0% used [0x00000000e0000000,0x00000000e0000000,0x00000000e8980000)
  from space 13312K, 99% used [0x00000000e9a80000,0x00000000ea77d788,0x00000000ea780000)
  to   space 17408K, 0% used [0x00000000e8980000,0x00000000e8980000,0x00000000e9a80000)
 ParOldGen       total 62464K, used 23243K [0x00000000a0000000, 0x00000000a3d00000, 0x00000000e0000000)
  object space 62464K, 37% used [0x00000000a0000000,0x00000000a16b2fa8,0x00000000a3d00000)
 Metaspace       used 50537K, capacity 51774K, committed 52056K, reserved 1093632K
  class space    used 6814K, capacity 7169K, committed 7296K, reserved 1048576K
}
Event: 17.130 GC heap before
{Heap before GC invocations=15 (full 2):
 PSYoungGen      total 154112K, used 154101K [0x00000000e0000000, 0x00000000eaf80000, 0x0000000100000000)
  eden space 140800K, 100% used [0x00000000e0000000,0x00000000e8980000,0x00000000e8980000)
  from space 13312K, 99% used [0x00000000e9a80000,0x00000000ea77d788,0x00000000ea780000)
  to   space 17408K, 0% used [0x00000000e8980000,0x00000000e8980000,0x00000000e9a80000)
 ParOldGen       total 62464K, used 23243K [0x00000000a0000000, 0x00000000a3d00000, 0x00000000e0000000)
  object space 62464K, 37% used [0x00000000a0000000,0x00000000a16b2fa8,0x00000000a3d00000)
 Metaspace       used 55887K, capacity 57438K, committed 57688K, reserved 1099776K
  class space    used 7556K, capacity 7951K, committed 8064K, reserved 1048576K

