# JRE version: OpenJDK Runtime Environment (8.0_152-b01) (build 1.8.0_152-release-1024-b01)
# Java VM: OpenJDK 64-Bit Server VM (25.152-b01 mixed mode linux-amd64 compressed oops)
Heap:
 PSYoungGen      total 337408K, used 7597K [0x00000000e0000000, 0x00000000feb00000, 0x0000000100000000)
  eden space 191488K, 0% used [0x00000000e0000000,0x00000000e0000000,0x00000000ebb00000)
  from space 145920K, 5% used [0x00000000f5c80000,0x00000000f63eb720,0x00000000feb00000)
  to   space 155648K, 0% used [0x00000000ebb00000,0x00000000ebb00000,0x00000000f5300000)
 ParOldGen       total 678400K, used 678093K [0x00000000a0000000, 0x00000000c9680000, 0x00000000e0000000)
  object space 678400K, 99% used [0x00000000a0000000,0x00000000c9633788,0x00000000c9680000)
 Metaspace       used 107310K, capacity 112038K, committed 112216K, reserved 1146880K
  class space    used 12934K, capacity 13899K, committed 13952K, reserved 1048576K
GC Heap History (10 events):
Event: 1521.166 GC heap after
Heap after GC invocations=46 (full 8):
 PSYoungGen      total 343552K, used 55085K [0x00000000e0000000, 0x00000000ffa00000, 0x0000000100000000)
  eden space 175104K, 0% used [0x00000000e0000000,0x00000000e0000000,0x00000000eab00000)
  from space 168448K, 32% used [0x00000000f5580000,0x00000000f8b4b6f8,0x00000000ffa00000)
  to   space 171520K, 0% used [0x00000000eab00000,0x00000000eab00000,0x00000000f5280000)
 ParOldGen       total 678400K, used 528988K [0x00000000a0000000, 0x00000000c9680000, 0x00000000e0000000)
  object space 678400K, 77% used [0x00000000a0000000,0x00000000c04971b0,0x00000000c9680000)
 Metaspace       used 103742K, capacity 108294K, committed 108504K, reserved 1144832K
  class space    used 12586K, capacity 13507K, committed 13568K, reserved 1048576K
}
Event: 1523.101 GC heap before
{Heap before GC invocations=47 (full 8):
 PSYoungGen      total 343552K, used 230189K [0x00000000e0000000, 0x00000000ffa00000, 0x0000000100000000)
  eden space 175104K, 100% used [0x00000000e0000000,0x00000000eab00000,0x00000000eab00000)
  from space 168448K, 32% used [0x00000000f5580000,0x00000000f8b4b6f8,0x00000000ffa00000)
  to   space 171520K, 0% used [0x00000000eab00000,0x00000000eab00000,0x00000000f5280000)
 ParOldGen       total 678400K, used 528988K [0x00000000a0000000, 0x00000000c9680000, 0x00000000e0000000)
  object space 678400K, 77% used [0x00000000a0000000,0x00000000c04971b0,0x00000000c9680000)
 Metaspace       used 103816K, capacity 108332K, committed 108504K, reserved 1144832K
  class space    used 12589K, capacity 13512K, committed 13568K, reserved 1048576K
Event: 1523.154 GC heap after
Heap after GC invocations=47 (full 8):
 PSYoungGen      total 346624K, used 3523K [0x00000000e0000000, 0x0000000100000000, 0x0000000100000000)
  eden space 175104K, 0% used [0x00000000e0000000,0x00000000e0000000,0x00000000eab00000)
  from space 171520K, 2% used [0x00000000eab00000,0x00000000eae70c40,0x00000000f5280000)
  to   space 170496K, 0% used [0x00000000f5980000,0x00000000f5980000,0x0000000100000000)
 ParOldGen       total 678400K, used 581351K [0x00000000a0000000, 0x00000000c9680000, 0x00000000e0000000)
  object space 678400K, 85% used [0x00000000a0000000,0x00000000c37b9d98,0x00000000c9680000)
 Metaspace       used 103816K, capacity 108332K, committed 108504K, reserved 1144832K
  class space    used 12589K, capacity 13512K, committed 13568K, reserved 1048576K
}
Event: 1710.995 GC heap before
{Heap before GC invocations=48 (full 8):
 PSYoungGen      total 346624K, used 178627K [0x00000000e0000000, 0x0000000100000000, 0x0000000100000000)
  eden space 175104K, 100% used [0x00000000e0000000,0x00000000eab00000,0x00000000eab00000)
  from space 171520K, 2% used [0x00000000eab00000,0x00000000eae70c40,0x00000000f5280000)
  to   space 170496K, 0% used [0x00000000f5980000,0x00000000f5980000,0x0000000100000000)
 ParOldGen       total 678400K, used 581351K [0x00000000a0000000, 0x00000000c9680000, 0x00000000e0000000)
  object space 678400K, 85% used [0x00000000a0000000,0x00000000c37b9d98,0x00000000c9680000)
 Metaspace       used 103945K, capacity 108538K, committed 108760K, reserved 1144832K
  class space    used 12601K, capacity 13553K, committed 13568K, reserved 1048576K
Event: 1711.013 GC heap after
Heap after GC invocations=48 (full 8):
 PSYoungGen      total 346624K, used 6139K [0x00000000e0000000, 0x00000000ffa00000, 0x0000000100000000)
  eden space 182272K, 0% used [0x00000000e0000000,0x00000000e0000000,0x00000000eb200000)
  from space 164352K, 3% used [0x00000000f5980000,0x00000000f5f7eed8,0x00000000ffa00000)
  to   space 167936K, 0% used [0x00000000eb200000,0x00000000eb200000,0x00000000f5600000)
 ParOldGen       total 678400K, used 582559K [0x00000000a0000000, 0x00000000c9680000, 0x00000000e0000000)
  object space 678400K, 85% used [0x00000000a0000000,0x00000000c38e7e78,0x00000000c9680000)
 Metaspace       used 103945K, capacity 108538K, committed 108760K, reserved 1144832K
  class space    used 12601K, capacity 13553K, committed 13568K, reserved 1048576K
}
Event: 1711.925 GC heap before
{Heap before GC invocations=49 (full 8):
 PSYoungGen      total 346624K, used 188411K [0x00000000e0000000, 0x00000000ffa00000, 0x0000000100000000)
  eden space 182272K, 100% used [0x00000000e0000000,0x00000000eb200000,0x00000000eb200000)
  from space 164352K, 3% used [0x00000000f5980000,0x00000000f5f7eed8,0x00000000ffa00000)
  to   space 167936K, 0% used [0x00000000eb200000,0x00000000eb200000,0x00000000f5600000)
 ParOldGen       total 678400K, used 582559K [0x00000000a0000000, 0x00000000c9680000, 0x00000000e0000000)
  object space 678400K, 85% used [0x00000000a0000000,0x00000000c38e7e78,0x00000000c9680000)
 Metaspace       used 105773K, capacity 110518K, committed 110552K, reserved 1146880K
  class space    used 12838K, capacity 13799K, committed 13824K, reserved 1048576K
Event: 1712.334 GC heap after
Heap after GC invocations=49 (full 8):
 PSYoungGen      total 350208K, used 75300K [0x00000000e0000000, 0x00000000ffd80000, 0x0000000100000000)
  eden space 182272K, 0% used [0x00000000e0000000,0x00000000e0000000,0x00000000eb200000)
  from space 167936K, 44% used [0x00000000eb200000,0x00000000efb89360,0x00000000f5600000)
  to   space 164864K, 0% used [0x00000000f5c80000,0x00000000f5c80000,0x00000000ffd80000)
 ParOldGen       total 678400K, used 587780K [0x00000000a0000000, 0x00000000c9680000, 0x00000000e0000000)
  object space 678400K, 86% used [0x00000000a0000000,0x00000000c3e010e8,0x00000000c9680000)
 Metaspace       used 105773K, capacity 110518K, committed 110552K, reserved 1146880K
  class space    used 12838K, capacity 13799K, committed 13824K, reserved 1048576K
}
Event: 1713.562 GC heap before
{Heap before GC invocations=50 (full 8):
 PSYoungGen      total 350208K, used 257572K [0x00000000e0000000, 0x00000000ffd80000, 0x0000000100000000)
  eden space 182272K, 100% used [0x00000000e0000000,0x00000000eb200000,0x00000000eb200000)
  from space 167936K, 44% used [0x00000000eb200000,0x00000000efb89360,0x00000000f5600000)
  to   space 164864K, 0% used [0x00000000f5c80000,0x00000000f5c80000,0x00000000ffd80000)
 ParOldGen       total 678400K, used 587780K [0x00000000a0000000, 0x00000000c9680000, 0x00000000e0000000)
  object space 678400K, 86% used [0x00000000a0000000,0x00000000c3e010e8,0x00000000c9680000)
 Metaspace       used 107310K, capacity 112038K, committed 112216K, reserved 1146880K
  class space    used 12934K, capacity 13899K, committed 13952K, reserved 1048576K
Event: 1713.704 GC heap after
Heap after GC invocations=50 (full 8):
 PSYoungGen      total 337408K, used 44079K [0x00000000e0000000, 0x00000000feb00000, 0x0000000100000000)
  eden space 191488K, 0% used [0x00000000e0000000,0x00000000e0000000,0x00000000ebb00000)
  from space 145920K, 30% used [0x00000000f5c80000,0x00000000f878bf70,0x00000000feb00000)
  to   space 155648K, 0% used [0x00000000ebb00000,0x00000000ebb00000,0x00000000f5300000)
 ParOldGen       total 678400K, used 653885K [0x00000000a0000000, 0x00000000c9680000, 0x00000000e0000000)
  object space 678400K, 96% used [0x00000000a0000000,0x00000000c7e8f7e0,0x00000000c9680000)
 Metaspace       used 107310K, capacity 112038K, committed 112216K, reserved 1146880K
  class space    used 12934K, capacity 13899K, committed 13952K, reserved 1048576K
}
Event: 1713.704 GC heap before
{Heap before GC invocations=51 (full 9):
 PSYoungGen      total 337408K, used 44079K [0x00000000e0000000, 0x00000000feb00000, 0x0000000100000000)
  eden space 191488K, 0% used [0x00000000e0000000,0x00000000e0000000,0x00000000ebb00000)
  from space 145920K, 30% used [0x00000000f5c80000,0x00000000f878bf70,0x00000000feb00000)
  to   space 155648K, 0% used [0x00000000ebb00000,0x00000000ebb00000,0x00000000f5300000)
 ParOldGen       total 678400K, used 653885K [0x00000000a0000000, 0x00000000c9680000, 0x00000000e0000000)
  object space 678400K, 96% used [0x00000000a0000000,0x00000000c7e8f7e0,0x00000000c9680000)
 Metaspace       used 107310K, capacity 112038K, committed 112216K, reserved 1146880K
  class space    used 12934K, capacity 13899K, committed 13952K, reserved 1048576K

