# JRE version: OpenJDK Runtime Environment (8.0_152-b01) (build 1.8.0_152-release-1024-b01)
# Java VM: OpenJDK 64-Bit Server VM (25.152-b01 mixed mode linux-amd64 compressed oops)
Heap:
 PSYoungGen      total 435200K, used 14508K [0x00000000e0000000, 0x0000000100000000, 0x0000000100000000)
  eden space 382976K, 0% used [0x00000000e0000000,0x00000000e0000000,0x00000000f7600000)
  from space 52224K, 27% used [0x00000000fcd00000,0x00000000fdb2b070,0x0000000100000000)
  to   space 70656K, 0% used [0x00000000f7600000,0x00000000f7600000,0x00000000fbb00000)
 ParOldGen       total 130048K, used 129606K [0x00000000a0000000, 0x00000000a7f00000, 0x00000000e0000000)
  object space 130048K, 99% used [0x00000000a0000000,0x00000000a7e91a78,0x00000000a7f00000)
 Metaspace       used 149300K, capacity 156814K, committed 157568K, reserved 1185792K
  class space    used 18741K, capacity 20367K, committed 20608K, reserved 1048576K
GC Heap History (10 events):
Event: 1633.754 GC heap after
Heap after GC invocations=30 (full 4):
 PSYoungGen      total 393728K, used 8798K [0x00000000e0000000, 0x00000000fb680000, 0x0000000100000000)
  eden space 352768K, 0% used [0x00000000e0000000,0x00000000e0000000,0x00000000f5880000)
  from space 40960K, 21% used [0x00000000f8e80000,0x00000000f9717a08,0x00000000fb680000)
  to   space 48128K, 0% used [0x00000000f5880000,0x00000000f5880000,0x00000000f8780000)
 ParOldGen       total 130048K, used 99288K [0x00000000a0000000, 0x00000000a7f00000, 0x00000000e0000000)
  object space 130048K, 76% used [0x00000000a0000000,0x00000000a60f60d8,0x00000000a7f00000)
 Metaspace       used 116558K, capacity 122098K, committed 122240K, reserved 1155072K
  class space    used 14716K, capacity 15912K, committed 16000K, reserved 1048576K
}
Event: 1644.107 GC heap before
{Heap before GC invocations=31 (full 4):
 PSYoungGen      total 393728K, used 361566K [0x00000000e0000000, 0x00000000fb680000, 0x0000000100000000)
  eden space 352768K, 100% used [0x00000000e0000000,0x00000000f5880000,0x00000000f5880000)
  from space 40960K, 21% used [0x00000000f8e80000,0x00000000f9717a08,0x00000000fb680000)
  to   space 48128K, 0% used [0x00000000f5880000,0x00000000f5880000,0x00000000f8780000)
 ParOldGen       total 130048K, used 99288K [0x00000000a0000000, 0x00000000a7f00000, 0x00000000e0000000)
  object space 130048K, 76% used [0x00000000a0000000,0x00000000a60f60d8,0x00000000a7f00000)
 Metaspace       used 127434K, capacity 133938K, committed 134272K, reserved 1165312K
  class space    used 16073K, capacity 17463K, committed 17536K, reserved 1048576K
Event: 1644.185 GC heap after
Heap after GC invocations=31 (full 4):
 PSYoungGen      total 400896K, used 26668K [0x00000000e0000000, 0x00000000fe680000, 0x0000000100000000)
  eden space 352768K, 0% used [0x00000000e0000000,0x00000000e0000000,0x00000000f5880000)
  from space 48128K, 55% used [0x00000000f5880000,0x00000000f728b1b0,0x00000000f8780000)
  to   space 48128K, 0% used [0x00000000fb780000,0x00000000fb780000,0x00000000fe680000)
 ParOldGen       total 130048K, used 100999K [0x00000000a0000000, 0x00000000a7f00000, 0x00000000e0000000)
  object space 130048K, 77% used [0x00000000a0000000,0x00000000a62a1d98,0x00000000a7f00000)
 Metaspace       used 127434K, capacity 133938K, committed 134272K, reserved 1165312K
  class space    used 16073K, capacity 17463K, committed 17536K, reserved 1048576K
}
Event: 2334.259 GC heap before
{Heap before GC invocations=32 (full 4):
 PSYoungGen      total 400896K, used 379436K [0x00000000e0000000, 0x00000000fe680000, 0x0000000100000000)
  eden space 352768K, 100% used [0x00000000e0000000,0x00000000f5880000,0x00000000f5880000)
  from space 48128K, 55% used [0x00000000f5880000,0x00000000f728b1b0,0x00000000f8780000)
  to   space 48128K, 0% used [0x00000000fb780000,0x00000000fb780000,0x00000000fe680000)
 ParOldGen       total 130048K, used 100999K [0x00000000a0000000, 0x00000000a7f00000, 0x00000000e0000000)
  object space 130048K, 77% used [0x00000000a0000000,0x00000000a62a1d98,0x00000000a7f00000)
 Metaspace       used 139912K, capacity 147376K, committed 147584K, reserved 1177600K
  class space    used 17662K, capacity 19246K, committed 19328K, reserved 1048576K
Event: 2336.044 GC heap after
Heap after GC invocations=32 (full 4):
 PSYoungGen      total 444416K, used 38111K [0x00000000e0000000, 0x00000000fe800000, 0x0000000100000000)
  eden space 396288K, 0% used [0x00000000e0000000,0x00000000e0000000,0x00000000f8300000)
  from space 48128K, 79% used [0x00000000fb780000,0x00000000fdcb7df0,0x00000000fe680000)
  to   space 51712K, 0% used [0x00000000f8300000,0x00000000f8300000,0x00000000fb580000)
 ParOldGen       total 130048K, used 101007K [0x00000000a0000000, 0x00000000a7f00000, 0x00000000e0000000)
  object space 130048K, 77% used [0x00000000a0000000,0x00000000a62a3d98,0x00000000a7f00000)
 Metaspace       used 139912K, capacity 147376K, committed 147584K, reserved 1177600K
  class space    used 17662K, capacity 19246K, committed 19328K, reserved 1048576K
}
Event: 2348.228 GC heap before
{Heap before GC invocations=33 (full 4):
 PSYoungGen      total 444416K, used 434399K [0x00000000e0000000, 0x00000000fe800000, 0x0000000100000000)
  eden space 396288K, 100% used [0x00000000e0000000,0x00000000f8300000,0x00000000f8300000)
  from space 48128K, 79% used [0x00000000fb780000,0x00000000fdcb7df0,0x00000000fe680000)
  to   space 51712K, 0% used [0x00000000f8300000,0x00000000f8300000,0x00000000fb580000)
 ParOldGen       total 130048K, used 101007K [0x00000000a0000000, 0x00000000a7f00000, 0x00000000e0000000)
  object space 130048K, 77% used [0x00000000a0000000,0x00000000a62a3d98,0x00000000a7f00000)
 Metaspace       used 142984K, capacity 150686K, committed 150784K, reserved 1179648K
  class space    used 18034K, capacity 19673K, committed 19712K, reserved 1048576K
Event: 2348.480 GC heap after
Heap after GC invocations=33 (full 4):
 PSYoungGen      total 448000K, used 31324K [0x00000000e0000000, 0x0000000100000000, 0x0000000100000000)
  eden space 396288K, 0% used [0x00000000e0000000,0x00000000e0000000,0x00000000f8300000)
  from space 51712K, 60% used [0x00000000f8300000,0x00000000fa1971b0,0x00000000fb580000)
  to   space 52224K, 0% used [0x00000000fcd00000,0x00000000fcd00000,0x0000000100000000)
 ParOldGen       total 130048K, used 101015K [0x00000000a0000000, 0x00000000a7f00000, 0x00000000e0000000)
  object space 130048K, 77% used [0x00000000a0000000,0x00000000a62a5d98,0x00000000a7f00000)
 Metaspace       used 142984K, capacity 150686K, committed 150784K, reserved 1179648K
  class space    used 18034K, capacity 19673K, committed 19712K, reserved 1048576K
}
Event: 2353.807 GC heap before
{Heap before GC invocations=34 (full 4):
 PSYoungGen      total 448000K, used 427612K [0x00000000e0000000, 0x0000000100000000, 0x0000000100000000)
  eden space 396288K, 100% used [0x00000000e0000000,0x00000000f8300000,0x00000000f8300000)
  from space 51712K, 60% used [0x00000000f8300000,0x00000000fa1971b0,0x00000000fb580000)
  to   space 52224K, 0% used [0x00000000fcd00000,0x00000000fcd00000,0x0000000100000000)
 ParOldGen       total 130048K, used 101015K [0x00000000a0000000, 0x00000000a7f00000, 0x00000000e0000000)
  object space 130048K, 77% used [0x00000000a0000000,0x00000000a62a5d98,0x00000000a7f00000)
 Metaspace       used 149646K, capacity 157404K, committed 157568K, reserved 1185792K
  class space    used 18807K, capacity 20494K, committed 20608K, reserved 1048576K
Event: 2353.936 GC heap after
Heap after GC invocations=34 (full 4):
 PSYoungGen      total 435200K, used 52218K [0x00000000e0000000, 0x0000000100000000, 0x0000000100000000)
  eden space 382976K, 0% used [0x00000000e0000000,0x00000000e0000000,0x00000000f7600000)
  from space 52224K, 99% used [0x00000000fcd00000,0x00000000ffffe9b0,0x0000000100000000)
  to   space 70656K, 0% used [0x00000000f7600000,0x00000000f7600000,0x00000000fbb00000)
 ParOldGen       total 130048K, used 129834K [0x00000000a0000000, 0x00000000a7f00000, 0x00000000e0000000)
  object space 130048K, 99% used [0x00000000a0000000,0x00000000a7ecaae8,0x00000000a7f00000)
 Metaspace       used 149646K, capacity 157404K, committed 157568K, reserved 1185792K
  class space    used 18807K, capacity 20494K, committed 20608K, reserved 1048576K
}
Event: 2353.937 GC heap before
{Heap before GC invocations=35 (full 5):
 PSYoungGen      total 435200K, used 52218K [0x00000000e0000000, 0x0000000100000000, 0x0000000100000000)
  eden space 382976K, 0% used [0x00000000e0000000,0x00000000e0000000,0x00000000f7600000)
  from space 52224K, 99% used [0x00000000fcd00000,0x00000000ffffe9b0,0x0000000100000000)
  to   space 70656K, 0% used [0x00000000f7600000,0x00000000f7600000,0x00000000fbb00000)
 ParOldGen       total 130048K, used 129834K [0x00000000a0000000, 0x00000000a7f00000, 0x00000000e0000000)
  object space 130048K, 99% used [0x00000000a0000000,0x00000000a7ecaae8,0x00000000a7f00000)
 Metaspace       used 149646K, capacity 157404K, committed 157568K, reserved 1185792K
  class space    used 18807K, capacity 20494K, committed 20608K, reserved 1048576K

