# JRE version: OpenJDK Runtime Environment (8.0_152-b01) (build 1.8.0_152-release-1024-b01)
# Java VM: OpenJDK 64-Bit Server VM (25.152-b01 mixed mode linux-amd64 compressed oops)
Heap:
 PSYoungGen      total 320512K, used 52220K [0x00000000e0000000, 0x00000000f6c00000, 0x0000000100000000)
  eden space 268288K, 0% used [0x00000000e0000000,0x00000000e0000000,0x00000000f0600000)
  from space 52224K, 99% used [0x00000000f0600000,0x00000000f38ff2a0,0x00000000f3900000)
  to   space 45568K, 0% used [0x00000000f3f80000,0x00000000f3f80000,0x00000000f6c00000)
 ParOldGen       total 203776K, used 203485K [0x00000000a0000000, 0x00000000ac700000, 0x00000000e0000000)
  object space 203776K, 99% used [0x00000000a0000000,0x00000000ac6b77a0,0x00000000ac700000)
 Metaspace       used 91632K, capacity 95268K, committed 95512K, reserved 1132544K
  class space    used 11689K, capacity 12479K, committed 12592K, reserved 1048576K
GC Heap History (10 events):
Event: 116.552 GC heap after
Heap after GC invocations=20 (full 3):
 PSYoungGen      total 244736K, used 24559K [0x00000000e0000000, 0x00000000f4780000, 0x0000000100000000)
  eden space 220160K, 0% used [0x00000000e0000000,0x00000000e0000000,0x00000000ed700000)
  from space 24576K, 99% used [0x00000000ed700000,0x00000000eeefbe00,0x00000000eef00000)
  to   space 42496K, 0% used [0x00000000f1e00000,0x00000000f1e00000,0x00000000f4780000)
 ParOldGen       total 103936K, used 83022K [0x00000000a0000000, 0x00000000a6580000, 0x00000000e0000000)
  object space 103936K, 79% used [0x00000000a0000000,0x00000000a51138f8,0x00000000a6580000)
 Metaspace       used 77792K, capacity 80962K, committed 81176K, reserved 1120256K
  class space    used 10253K, capacity 10930K, committed 11056K, reserved 1048576K
}
Event: 116.567 GC heap before
{Heap before GC invocations=21 (full 4):
 PSYoungGen      total 244736K, used 24559K [0x00000000e0000000, 0x00000000f4780000, 0x0000000100000000)
  eden space 220160K, 0% used [0x00000000e0000000,0x00000000e0000000,0x00000000ed700000)
  from space 24576K, 99% used [0x00000000ed700000,0x00000000eeefbe00,0x00000000eef00000)
  to   space 42496K, 0% used [0x00000000f1e00000,0x00000000f1e00000,0x00000000f4780000)
 ParOldGen       total 103936K, used 83022K [0x00000000a0000000, 0x00000000a6580000, 0x00000000e0000000)
  object space 103936K, 79% used [0x00000000a0000000,0x00000000a51138f8,0x00000000a6580000)
 Metaspace       used 77792K, capacity 80962K, committed 81176K, reserved 1120256K
  class space    used 10253K, capacity 10930K, committed 11056K, reserved 1048576K
Event: 117.012 GC heap after
Heap after GC invocations=21 (full 4):
 PSYoungGen      total 244736K, used 0K [0x00000000e0000000, 0x00000000f4780000, 0x0000000100000000)
  eden space 220160K, 0% used [0x00000000e0000000,0x00000000e0000000,0x00000000ed700000)
  from space 24576K, 0% used [0x00000000ed700000,0x00000000ed700000,0x00000000eef00000)
  to   space 42496K, 0% used [0x00000000f1e00000,0x00000000f1e00000,0x00000000f4780000)
 ParOldGen       total 187392K, used 94758K [0x00000000a0000000, 0x00000000ab700000, 0x00000000e0000000)
  object space 187392K, 50% used [0x00000000a0000000,0x00000000a5c89968,0x00000000ab700000)
 Metaspace       used 77783K, capacity 80934K, committed 81176K, reserved 1120256K
  class space    used 10249K, capacity 10924K, committed 11056K, reserved 1048576K
}
Event: 119.517 GC heap before
{Heap before GC invocations=22 (full 4):
 PSYoungGen      total 244736K, used 220160K [0x00000000e0000000, 0x00000000f4780000, 0x0000000100000000)
  eden space 220160K, 100% used [0x00000000e0000000,0x00000000ed700000,0x00000000ed700000)
  from space 24576K, 0% used [0x00000000ed700000,0x00000000ed700000,0x00000000eef00000)
  to   space 42496K, 0% used [0x00000000f1e00000,0x00000000f1e00000,0x00000000f4780000)
 ParOldGen       total 187392K, used 94758K [0x00000000a0000000, 0x00000000ab700000, 0x00000000e0000000)
  object space 187392K, 50% used [0x00000000a0000000,0x00000000a5c89968,0x00000000ab700000)
 Metaspace       used 82066K, capacity 85274K, committed 85656K, reserved 1124352K
  class space    used 10647K, capacity 11358K, committed 11440K, reserved 1048576K
Event: 119.598 GC heap after
Heap after GC invocations=22 (full 4):
 PSYoungGen      total 281088K, used 42483K [0x00000000e0000000, 0x00000000f6700000, 0x0000000100000000)
  eden space 238592K, 0% used [0x00000000e0000000,0x00000000e0000000,0x00000000ee900000)
  from space 42496K, 99% used [0x00000000f1e00000,0x00000000f477ceb8,0x00000000f4780000)
  to   space 54272K, 0% used [0x00000000ee900000,0x00000000ee900000,0x00000000f1e00000)
 ParOldGen       total 187392K, used 107242K [0x00000000a0000000, 0x00000000ab700000, 0x00000000e0000000)
  object space 187392K, 57% used [0x00000000a0000000,0x00000000a68ba930,0x00000000ab700000)
 Metaspace       used 82066K, capacity 85274K, committed 85656K, reserved 1124352K
  class space    used 10647K, capacity 11358K, committed 11440K, reserved 1048576K
}
Event: 295.231 GC heap before
{Heap before GC invocations=23 (full 4):
 PSYoungGen      total 281088K, used 281075K [0x00000000e0000000, 0x00000000f6700000, 0x0000000100000000)
  eden space 238592K, 100% used [0x00000000e0000000,0x00000000ee900000,0x00000000ee900000)
  from space 42496K, 99% used [0x00000000f1e00000,0x00000000f477ceb8,0x00000000f4780000)
  to   space 54272K, 0% used [0x00000000ee900000,0x00000000ee900000,0x00000000f1e00000)
 ParOldGen       total 187392K, used 107242K [0x00000000a0000000, 0x00000000ab700000, 0x00000000e0000000)
  object space 187392K, 57% used [0x00000000a0000000,0x00000000a68ba930,0x00000000ab700000)
 Metaspace       used 84706K, capacity 88176K, committed 88216K, reserved 1126400K
  class space    used 10911K, capacity 11665K, committed 11696K, reserved 1048576K
Event: 295.337 GC heap after
Heap after GC invocations=23 (full 4):
 PSYoungGen      total 292864K, used 9693K [0x00000000e0000000, 0x00000000f7300000, 0x0000000100000000)
  eden space 238592K, 0% used [0x00000000e0000000,0x00000000e0000000,0x00000000ee900000)
  from space 54272K, 17% used [0x00000000ee900000,0x00000000ef277500,0x00000000f1e00000)
  to   space 52736K, 0% used [0x00000000f3f80000,0x00000000f3f80000,0x00000000f7300000)
 ParOldGen       total 187392K, used 149494K [0x00000000a0000000, 0x00000000ab700000, 0x00000000e0000000)
  object space 187392K, 79% used [0x00000000a0000000,0x00000000a91fdbb0,0x00000000ab700000)
 Metaspace       used 84706K, capacity 88176K, committed 88216K, reserved 1126400K
  class space    used 10911K, capacity 11665K, committed 11696K, reserved 1048576K
}
Event: 536.637 GC heap before
{Heap before GC invocations=24 (full 4):
 PSYoungGen      total 292864K, used 248142K [0x00000000e0000000, 0x00000000f7300000, 0x0000000100000000)
  eden space 238592K, 99% used [0x00000000e0000000,0x00000000ee8dc470,0x00000000ee900000)
  from space 54272K, 17% used [0x00000000ee900000,0x00000000ef277500,0x00000000f1e00000)
  to   space 52736K, 0% used [0x00000000f3f80000,0x00000000f3f80000,0x00000000f7300000)
 ParOldGen       total 187392K, used 149494K [0x00000000a0000000, 0x00000000ab700000, 0x00000000e0000000)
  object space 187392K, 79% used [0x00000000a0000000,0x00000000a91fdbb0,0x00000000ab700000)
 Metaspace       used 88430K, capacity 91984K, committed 92312K, reserved 1130496K
  class space    used 11361K, capacity 12127K, committed 12208K, reserved 1048576K
Event: 536.686 GC heap after
Heap after GC invocations=24 (full 4):
 PSYoungGen      total 313856K, used 26643K [0x00000000e0000000, 0x00000000f6c00000, 0x0000000100000000)
  eden space 268288K, 0% used [0x00000000e0000000,0x00000000e0000000,0x00000000f0600000)
  from space 45568K, 58% used [0x00000000f3f80000,0x00000000f5984eb0,0x00000000f6c00000)
  to   space 52224K, 0% used [0x00000000f0600000,0x00000000f0600000,0x00000000f3900000)
 ParOldGen       total 187392K, used 149502K [0x00000000a0000000, 0x00000000ab700000, 0x00000000e0000000)
  object space 187392K, 79% used [0x00000000a0000000,0x00000000a91ffbb0,0x00000000ab700000)
 Metaspace       used 88430K, capacity 91984K, committed 92312K, reserved 1130496K
  class space    used 11361K, capacity 12127K, committed 12208K, reserved 1048576K
}
Event: 539.551 GC heap before
{Heap before GC invocations=25 (full 4):
 PSYoungGen      total 313856K, used 294931K [0x00000000e0000000, 0x00000000f6c00000, 0x0000000100000000)
  eden space 268288K, 100% used [0x00000000e0000000,0x00000000f0600000,0x00000000f0600000)
  from space 45568K, 58% used [0x00000000f3f80000,0x00000000f5984eb0,0x00000000f6c00000)
  to   space 52224K, 0% used [0x00000000f0600000,0x00000000f0600000,0x00000000f3900000)
 ParOldGen       total 187392K, used 149502K [0x00000000a0000000, 0x00000000ab700000, 0x00000000e0000000)
  object space 187392K, 79% used [0x00000000a0000000,0x00000000a91ffbb0,0x00000000ab700000)
 Metaspace       used 91632K, capacity 95268K, committed 95512K, reserved 1132544K
  class space    used 11689K, capacity 12479K, committed 12592K, reserved 1048576K

