# JRE version: OpenJDK Runtime Environment (8.0_152-b01) (build 1.8.0_152-release-1024-b01)
# Java VM: OpenJDK 64-Bit Server VM (25.152-b01 mixed mode linux-amd64 compressed oops)
Heap:
 PSYoungGen      total 183808K, used 12799K [0x00000000e0000000, 0x00000000ede80000, 0x0000000100000000)
  eden space 171008K, 0% used [0x00000000e0000000,0x00000000e0000000,0x00000000ea700000)
  from space 12800K, 99% used [0x00000000ea700000,0x00000000eb37fc98,0x00000000eb380000)
  to   space 11776K, 0% used [0x00000000eb380000,0x00000000eb380000,0x00000000ebf00000)
 ParOldGen       total 56320K, used 21654K [0x00000000a0000000, 0x00000000a3700000, 0x00000000e0000000)
  object space 56320K, 38% used [0x00000000a0000000,0x00000000a1525868,0x00000000a3700000)
 Metaspace       used 45576K, capacity 46422K, committed 46680K, reserved 1089536K
  class space    used 6176K, capacity 6452K, committed 6528K, reserved 1048576K
GC Heap History (10 events):
Event: 4.425 GC heap after
Heap after GC invocations=6 (full 1):
 PSYoungGen      total 66048K, used 0K [0x00000000e0000000, 0x00000000e9000000, 0x0000000100000000)
  eden space 63488K, 0% used [0x00000000e0000000,0x00000000e0000000,0x00000000e3e00000)
  from space 2560K, 0% used [0x00000000e3e00000,0x00000000e3e00000,0x00000000e4080000)
  to   space 10240K, 0% used [0x00000000e8600000,0x00000000e8600000,0x00000000e9000000)
 ParOldGen       total 41472K, used 10662K [0x00000000a0000000, 0x00000000a2880000, 0x00000000e0000000)
  object space 41472K, 25% used [0x00000000a0000000,0x00000000a0a69900,0x00000000a2880000)
 Metaspace       used 20821K, capacity 21102K, committed 21248K, reserved 1067008K
  class space    used 2930K, capacity 3018K, committed 3072K, reserved 1048576K
}
Event: 5.334 GC heap before
{Heap before GC invocations=7 (full 1):
 PSYoungGen      total 66048K, used 63488K [0x00000000e0000000, 0x00000000e9000000, 0x0000000100000000)
  eden space 63488K, 100% used [0x00000000e0000000,0x00000000e3e00000,0x00000000e3e00000)
  from space 2560K, 0% used [0x00000000e3e00000,0x00000000e3e00000,0x00000000e4080000)
  to   space 10240K, 0% used [0x00000000e8600000,0x00000000e8600000,0x00000000e9000000)
 ParOldGen       total 41472K, used 10662K [0x00000000a0000000, 0x00000000a2880000, 0x00000000e0000000)
  object space 41472K, 25% used [0x00000000a0000000,0x00000000a0a69900,0x00000000a2880000)
 Metaspace       used 25158K, capacity 25580K, committed 25728K, reserved 1071104K
  class space    used 3534K, capacity 3711K, committed 3712K, reserved 1048576K
Event: 5.375 GC heap after
Heap after GC invocations=7 (full 1):
 PSYoungGen      total 112128K, used 7169K [0x00000000e0000000, 0x00000000e8d80000, 0x0000000100000000)
  eden space 104448K, 0% used [0x00000000e0000000,0x00000000e0000000,0x00000000e6600000)
  from space 7680K, 93% used [0x00000000e8600000,0x00000000e8d00548,0x00000000e8d80000)
  to   space 10752K, 0% used [0x00000000e7880000,0x00000000e7880000,0x00000000e8300000)
 ParOldGen       total 41472K, used 10670K [0x00000000a0000000, 0x00000000a2880000, 0x00000000e0000000)
  object space 41472K, 25% used [0x00000000a0000000,0x00000000a0a6b900,0x00000000a2880000)
 Metaspace       used 25158K, capacity 25580K, committed 25728K, reserved 1071104K
  class space    used 3534K, capacity 3711K, committed 3712K, reserved 1048576K
}
Event: 7.188 GC heap before
{Heap before GC invocations=8 (full 1):
 PSYoungGen      total 112128K, used 111617K [0x00000000e0000000, 0x00000000e8d80000, 0x0000000100000000)
  eden space 104448K, 100% used [0x00000000e0000000,0x00000000e6600000,0x00000000e6600000)
  from space 7680K, 93% used [0x00000000e8600000,0x00000000e8d00548,0x00000000e8d80000)
  to   space 10752K, 0% used [0x00000000e7880000,0x00000000e7880000,0x00000000e8300000)
 ParOldGen       total 41472K, used 10670K [0x00000000a0000000, 0x00000000a2880000, 0x00000000e0000000)
  object space 41472K, 25% used [0x00000000a0000000,0x00000000a0a6b900,0x00000000a2880000)
 Metaspace       used 30664K, capacity 31100K, committed 31232K, reserved 1077248K
  class space    used 4184K, capacity 4333K, committed 4352K, reserved 1048576K
Event: 7.233 GC heap after
Heap after GC invocations=8 (full 1):
 PSYoungGen      total 134144K, used 9005K [0x00000000e0000000, 0x00000000ebf00000, 0x0000000100000000)
  eden space 123392K, 0% used [0x00000000e0000000,0x00000000e0000000,0x00000000e7880000)
  from space 10752K, 83% used [0x00000000e7880000,0x00000000e814b4a0,0x00000000e8300000)
  to   space 11776K, 0% used [0x00000000eb380000,0x00000000eb380000,0x00000000ebf00000)
 ParOldGen       total 41472K, used 10670K [0x00000000a0000000, 0x00000000a2880000, 0x00000000e0000000)
  object space 41472K, 25% used [0x00000000a0000000,0x00000000a0a6b900,0x00000000a2880000)
 Metaspace       used 30664K, capacity 31100K, committed 31232K, reserved 1077248K
  class space    used 4184K, capacity 4333K, committed 4352K, reserved 1048576K
}
Event: 8.986 GC heap before
{Heap before GC invocations=9 (full 1):
 PSYoungGen      total 134144K, used 56985K [0x00000000e0000000, 0x00000000ebf00000, 0x0000000100000000)
  eden space 123392K, 38% used [0x00000000e0000000,0x00000000e2edb080,0x00000000e7880000)
  from space 10752K, 83% used [0x00000000e7880000,0x00000000e814b4a0,0x00000000e8300000)
  to   space 11776K, 0% used [0x00000000eb380000,0x00000000eb380000,0x00000000ebf00000)
 ParOldGen       total 41472K, used 10670K [0x00000000a0000000, 0x00000000a2880000, 0x00000000e0000000)
  object space 41472K, 25% used [0x00000000a0000000,0x00000000a0a6b900,0x00000000a2880000)
 Metaspace       used 34760K, capacity 35286K, committed 35416K, reserved 1079296K
  class space    used 4751K, capacity 4945K, committed 4992K, reserved 1048576K
Event: 9.021 GC heap after
Heap after GC invocations=9 (full 1):
 PSYoungGen      total 182784K, used 9678K [0x00000000e0000000, 0x00000000ede80000, 0x0000000100000000)
  eden space 171008K, 0% used [0x00000000e0000000,0x00000000e0000000,0x00000000ea700000)
  from space 11776K, 82% used [0x00000000eb380000,0x00000000ebcf3b98,0x00000000ebf00000)
  to   space 12800K, 0% used [0x00000000ea700000,0x00000000ea700000,0x00000000eb380000)
 ParOldGen       total 41472K, used 10750K [0x00000000a0000000, 0x00000000a2880000, 0x00000000e0000000)
  object space 41472K, 25% used [0x00000000a0000000,0x00000000a0a7f910,0x00000000a2880000)
 Metaspace       used 34760K, capacity 35286K, committed 35416K, reserved 1079296K
  class space    used 4751K, capacity 4945K, committed 4992K, reserved 1048576K
}
Event: 9.021 GC heap before
{Heap before GC invocations=10 (full 2):
 PSYoungGen      total 182784K, used 9678K [0x00000000e0000000, 0x00000000ede80000, 0x0000000100000000)
  eden space 171008K, 0% used [0x00000000e0000000,0x00000000e0000000,0x00000000ea700000)
  from space 11776K, 82% used [0x00000000eb380000,0x00000000ebcf3b98,0x00000000ebf00000)
  to   space 12800K, 0% used [0x00000000ea700000,0x00000000ea700000,0x00000000eb380000)
 ParOldGen       total 41472K, used 10750K [0x00000000a0000000, 0x00000000a2880000, 0x00000000e0000000)
  object space 41472K, 25% used [0x00000000a0000000,0x00000000a0a7f910,0x00000000a2880000)
 Metaspace       used 34760K, capacity 35286K, committed 35416K, reserved 1079296K
  class space    used 4751K, capacity 4945K, committed 4992K, reserved 1048576K
Event: 9.116 GC heap after
Heap after GC invocations=10 (full 2):
 PSYoungGen      total 182784K, used 0K [0x00000000e0000000, 0x00000000ede80000, 0x0000000100000000)
  eden space 171008K, 0% used [0x00000000e0000000,0x00000000e0000000,0x00000000ea700000)
  from space 11776K, 0% used [0x00000000eb380000,0x00000000eb380000,0x00000000ebf00000)
  to   space 12800K, 0% used [0x00000000ea700000,0x00000000ea700000,0x00000000eb380000)
 ParOldGen       total 56320K, used 16192K [0x00000000a0000000, 0x00000000a3700000, 0x00000000e0000000)
  object space 56320K, 28% used [0x00000000a0000000,0x00000000a0fd0000,0x00000000a3700000)
 Metaspace       used 34760K, capacity 35286K, committed 35416K, reserved 1079296K
  class space    used 4751K, capacity 4945K, committed 4992K, reserved 1048576K
}
Event: 12.216 GC heap before
{Heap before GC invocations=11 (full 2):
 PSYoungGen      total 182784K, used 171008K [0x00000000e0000000, 0x00000000ede80000, 0x0000000100000000)
  eden space 171008K, 100% used [0x00000000e0000000,0x00000000ea700000,0x00000000ea700000)
  from space 11776K, 0% used [0x00000000eb380000,0x00000000eb380000,0x00000000ebf00000)
  to   space 12800K, 0% used [0x00000000ea700000,0x00000000ea700000,0x00000000eb380000)
 ParOldGen       total 56320K, used 16192K [0x00000000a0000000, 0x00000000a3700000, 0x00000000e0000000)
  object space 56320K, 28% used [0x00000000a0000000,0x00000000a0fd0000,0x00000000a3700000)
 Metaspace       used 45576K, capacity 46422K, committed 46680K, reserved 1089536K
  class space    used 6176K, capacity 6452K, committed 6528K, reserved 1048576K

