# JRE version: OpenJDK Runtime Environment (8.0_152-b01) (build 1.8.0_152-release-1024-b01)
# Java VM: OpenJDK 64-Bit Server VM (25.152-b01 mixed mode linux-amd64 compressed oops)
Heap:
 PSYoungGen      total 180224K, used 0K [0x00000000e0000000, 0x00000000ff800000, 0x0000000100000000)
  eden space 175104K, 0% used [0x00000000e0000000,0x00000000e0000000,0x00000000eab00000)
  from space 5120K, 0% used [0x00000000eab00000,0x00000000eab00000,0x00000000eb000000)
  to   space 170496K, 0% used [0x00000000f5180000,0x00000000f5180000,0x00000000ff800000)
 ParOldGen       total 667648K, used 601094K [0x00000000a0000000, 0x00000000c8c00000, 0x00000000e0000000)
  object space 667648K, 90% used [0x00000000a0000000,0x00000000c4b018d8,0x00000000c8c00000)
 Metaspace       used 103288K, capacity 108640K, committed 109208K, reserved 1144832K
  class space    used 12689K, capacity 13807K, committed 14000K, reserved 1048576K
GC Heap History (10 events):
Event: 1240.040 GC heap after
Heap after GC invocations=40 (full 7):
 PSYoungGen      total 349696K, used 1808K [0x00000000e0000000, 0x0000000100000000, 0x0000000100000000)
  eden space 175104K, 0% used [0x00000000e0000000,0x00000000e0000000,0x00000000eab00000)
  from space 174592K, 1% used [0x00000000eab00000,0x00000000eacc4020,0x00000000f5580000)
  to   space 174592K, 0% used [0x00000000f5580000,0x00000000f5580000,0x0000000100000000)
 ParOldGen       total 667648K, used 519837K [0x00000000a0000000, 0x00000000c8c00000, 0x00000000e0000000)
  object space 667648K, 77% used [0x00000000a0000000,0x00000000bfba7408,0x00000000c8c00000)
 Metaspace       used 99646K, capacity 104504K, committed 104856K, reserved 1140736K
  class space    used 12324K, capacity 13389K, committed 13488K, reserved 1048576K
}
Event: 1242.639 GC heap before
{Heap before GC invocations=41 (full 7):
 PSYoungGen      total 349696K, used 176912K [0x00000000e0000000, 0x0000000100000000, 0x0000000100000000)
  eden space 175104K, 100% used [0x00000000e0000000,0x00000000eab00000,0x00000000eab00000)
  from space 174592K, 1% used [0x00000000eab00000,0x00000000eacc4020,0x00000000f5580000)
  to   space 174592K, 0% used [0x00000000f5580000,0x00000000f5580000,0x0000000100000000)
 ParOldGen       total 667648K, used 519837K [0x00000000a0000000, 0x00000000c8c00000, 0x00000000e0000000)
  object space 667648K, 77% used [0x00000000a0000000,0x00000000bfba7408,0x00000000c8c00000)
 Metaspace       used 100147K, capacity 105492K, committed 105752K, reserved 1140736K
  class space    used 12396K, capacity 13521K, committed 13616K, reserved 1048576K
Event: 1242.665 GC heap after
Heap after GC invocations=41 (full 7):
 PSYoungGen      total 349696K, used 6800K [0x00000000e0000000, 0x0000000100000000, 0x0000000100000000)
  eden space 175104K, 0% used [0x00000000e0000000,0x00000000e0000000,0x00000000eab00000)
  from space 174592K, 3% used [0x00000000f5580000,0x00000000f5c24090,0x0000000100000000)
  to   space 174592K, 0% used [0x00000000eab00000,0x00000000eab00000,0x00000000f5580000)
 ParOldGen       total 667648K, used 521156K [0x00000000a0000000, 0x00000000c8c00000, 0x00000000e0000000)
  object space 667648K, 78% used [0x00000000a0000000,0x00000000bfcf12e0,0x00000000c8c00000)
 Metaspace       used 100147K, capacity 105492K, committed 105752K, reserved 1140736K
  class space    used 12396K, capacity 13521K, committed 13616K, reserved 1048576K
}
Event: 1243.855 GC heap before
{Heap before GC invocations=42 (full 7):
 PSYoungGen      total 349696K, used 181904K [0x00000000e0000000, 0x0000000100000000, 0x0000000100000000)
  eden space 175104K, 100% used [0x00000000e0000000,0x00000000eab00000,0x00000000eab00000)
  from space 174592K, 3% used [0x00000000f5580000,0x00000000f5c24090,0x0000000100000000)
  to   space 174592K, 0% used [0x00000000eab00000,0x00000000eab00000,0x00000000f5580000)
 ParOldGen       total 667648K, used 521156K [0x00000000a0000000, 0x00000000c8c00000, 0x00000000e0000000)
  object space 667648K, 78% used [0x00000000a0000000,0x00000000bfcf12e0,0x00000000c8c00000)
 Metaspace       used 103338K, capacity 108774K, committed 108952K, reserved 1144832K
  class space    used 12730K, capacity 13884K, committed 14000K, reserved 1048576K
Event: 1244.049 GC heap after
Heap after GC invocations=42 (full 7):
 PSYoungGen      total 349696K, used 71473K [0x00000000e0000000, 0x0000000100000000, 0x0000000100000000)
  eden space 175104K, 0% used [0x00000000e0000000,0x00000000e0000000,0x00000000eab00000)
  from space 174592K, 40% used [0x00000000eab00000,0x00000000ef0cc650,0x00000000f5580000)
  to   space 174592K, 0% used [0x00000000f5580000,0x00000000f5580000,0x0000000100000000)
 ParOldGen       total 667648K, used 525476K [0x00000000a0000000, 0x00000000c8c00000, 0x00000000e0000000)
  object space 667648K, 78% used [0x00000000a0000000,0x00000000c0129020,0x00000000c8c00000)
 Metaspace       used 103338K, capacity 108774K, committed 108952K, reserved 1144832K
  class space    used 12730K, capacity 13884K, committed 14000K, reserved 1048576K
}
Event: 1244.922 GC heap before
{Heap before GC invocations=43 (full 7):
 PSYoungGen      total 349696K, used 246081K [0x00000000e0000000, 0x0000000100000000, 0x0000000100000000)
  eden space 175104K, 99% used [0x00000000e0000000,0x00000000eaa83f10,0x00000000eab00000)
  from space 174592K, 40% used [0x00000000eab00000,0x00000000ef0cc650,0x00000000f5580000)
  to   space 174592K, 0% used [0x00000000f5580000,0x00000000f5580000,0x0000000100000000)
 ParOldGen       total 667648K, used 525476K [0x00000000a0000000, 0x00000000c8c00000, 0x00000000e0000000)
  object space 667648K, 78% used [0x00000000a0000000,0x00000000c0129020,0x00000000c8c00000)
 Metaspace       used 103394K, capacity 108802K, committed 108952K, reserved 1144832K
  class space    used 12732K, capacity 13888K, committed 14000K, reserved 1048576K
Event: 1245.077 GC heap after
Heap after GC invocations=43 (full 7):
 PSYoungGen      total 349696K, used 33111K [0x00000000e0000000, 0x0000000100000000, 0x0000000100000000)
  eden space 175104K, 0% used [0x00000000e0000000,0x00000000e0000000,0x00000000eab00000)
  from space 174592K, 18% used [0x00000000f5580000,0x00000000f75d5f00,0x0000000100000000)
  to   space 174592K, 0% used [0x00000000eab00000,0x00000000eab00000,0x00000000f5580000)
 ParOldGen       total 667648K, used 587736K [0x00000000a0000000, 0x00000000c8c00000, 0x00000000e0000000)
  object space 667648K, 88% used [0x00000000a0000000,0x00000000c3df6260,0x00000000c8c00000)
 Metaspace       used 103394K, capacity 108802K, committed 108952K, reserved 1144832K
  class space    used 12732K, capacity 13888K, committed 14000K, reserved 1048576K
}
Event: 1247.553 GC heap before
{Heap before GC invocations=44 (full 7):
 PSYoungGen      total 349696K, used 208215K [0x00000000e0000000, 0x0000000100000000, 0x0000000100000000)
  eden space 175104K, 100% used [0x00000000e0000000,0x00000000eab00000,0x00000000eab00000)
  from space 174592K, 18% used [0x00000000f5580000,0x00000000f75d5f00,0x0000000100000000)
  to   space 174592K, 0% used [0x00000000eab00000,0x00000000eab00000,0x00000000f5580000)
 ParOldGen       total 667648K, used 587736K [0x00000000a0000000, 0x00000000c8c00000, 0x00000000e0000000)
  object space 667648K, 88% used [0x00000000a0000000,0x00000000c3df6260,0x00000000c8c00000)
 Metaspace       used 103563K, capacity 109086K, committed 109208K, reserved 1144832K
  class space    used 12734K, capacity 13892K, committed 14000K, reserved 1048576K
Event: 1247.656 GC heap after
Heap after GC invocations=44 (full 7):
 PSYoungGen      total 180224K, used 4973K [0x00000000e0000000, 0x00000000ff800000, 0x0000000100000000)
  eden space 175104K, 0% used [0x00000000e0000000,0x00000000e0000000,0x00000000eab00000)
  from space 5120K, 97% used [0x00000000eab00000,0x00000000eafdb510,0x00000000eb000000)
  to   space 170496K, 0% used [0x00000000f5180000,0x00000000f5180000,0x00000000ff800000)
 ParOldGen       total 667648K, used 619054K [0x00000000a0000000, 0x00000000c8c00000, 0x00000000e0000000)
  object space 667648K, 92% used [0x00000000a0000000,0x00000000c5c8b8a0,0x00000000c8c00000)
 Metaspace       used 103563K, capacity 109086K, committed 109208K, reserved 1144832K
  class space    used 12734K, capacity 13892K, committed 14000K, reserved 1048576K
}
Event: 1247.656 GC heap before
{Heap before GC invocations=45 (full 8):
 PSYoungGen      total 180224K, used 4973K [0x00000000e0000000, 0x00000000ff800000, 0x0000000100000000)
  eden space 175104K, 0% used [0x00000000e0000000,0x00000000e0000000,0x00000000eab00000)
  from space 5120K, 97% used [0x00000000eab00000,0x00000000eafdb510,0x00000000eb000000)
  to   space 170496K, 0% used [0x00000000f5180000,0x00000000f5180000,0x00000000ff800000)
 ParOldGen       total 667648K, used 619054K [0x00000000a0000000, 0x00000000c8c00000, 0x00000000e0000000)
  object space 667648K, 92% used [0x00000000a0000000,0x00000000c5c8b8a0,0x00000000c8c00000)
 Metaspace       used 103563K, capacity 109086K, committed 109208K, reserved 1144832K
  class space    used 12734K, capacity 13892K, committed 14000K, reserved 1048576K

