# JRE version: OpenJDK Runtime Environment (8.0_112-b06) (build 1.8.0_112-release-b06)
# Java VM: OpenJDK 64-Bit Server VM (25.112-b06 mixed mode linux-amd64 compressed oops)
Heap:
 PSYoungGen      total 70656K, used 7170K [0x00000000e0000000, 0x00000000e4e00000, 0x0000000100000000)
  eden space 62464K, 0% used [0x00000000e0000000,0x00000000e0000000,0x00000000e3d00000)
  from space 8192K, 87% used [0x00000000e3d00000,0x00000000e4400ae0,0x00000000e4500000)
  to   space 7168K, 0% used [0x00000000e4500000,0x00000000e4500000,0x00000000e4c00000)
 ParOldGen       total 41472K, used 11662K [0x00000000a0000000, 0x00000000a2880000, 0x00000000e0000000)
  object space 41472K, 28% used [0x00000000a0000000,0x00000000a0b63818,0x00000000a2880000)
 Metaspace       used 25667K, capacity 26120K, committed 26288K, reserved 1071104K
  class space    used 3560K, capacity 3671K, committed 3760K, reserved 1048576K
GC Heap History (10 events):
Event: 1.160 GC heap after
Heap after GC invocations=3 (full 0):
 PSYoungGen      total 18432K, used 2544K [0x00000000e0000000, 0x00000000e2400000, 0x0000000100000000)
  eden space 15872K, 0% used [0x00000000e0000000,0x00000000e0000000,0x00000000e0f80000)
  from space 2560K, 99% used [0x00000000e0f80000,0x00000000e11fc010,0x00000000e1200000)
  to   space 2560K, 0% used [0x00000000e2180000,0x00000000e2180000,0x00000000e2400000)
 ParOldGen       total 42496K, used 1564K [0x00000000a0000000, 0x00000000a2980000, 0x00000000e0000000)
  object space 42496K, 3% used [0x00000000a0000000,0x00000000a0187318,0x00000000a2980000)
 Metaspace       used 8500K, capacity 8774K, committed 8960K, reserved 1056768K
  class space    used 1114K, capacity 1217K, committed 1280K, reserved 1048576K
}
Event: 1.482 GC heap before
{Heap before GC invocations=4 (full 0):
 PSYoungGen      total 18432K, used 18416K [0x00000000e0000000, 0x00000000e2400000, 0x0000000100000000)
  eden space 15872K, 100% used [0x00000000e0000000,0x00000000e0f80000,0x00000000e0f80000)
  from space 2560K, 99% used [0x00000000e0f80000,0x00000000e11fc010,0x00000000e1200000)
  to   space 2560K, 0% used [0x00000000e2180000,0x00000000e2180000,0x00000000e2400000)
 ParOldGen       total 42496K, used 1564K [0x00000000a0000000, 0x00000000a2980000, 0x00000000e0000000)
  object space 42496K, 3% used [0x00000000a0000000,0x00000000a0187318,0x00000000a2980000)
 Metaspace       used 12772K, capacity 13060K, committed 13184K, reserved 1060864K
  class space    used 1720K, capacity 1831K, committed 1920K, reserved 1048576K
Event: 1.498 GC heap after
Heap after GC invocations=4 (full 0):
 PSYoungGen      total 34304K, used 2544K [0x00000000e0000000, 0x00000000e2400000, 0x0000000100000000)
  eden space 31744K, 0% used [0x00000000e0000000,0x00000000e0000000,0x00000000e1f00000)
  from space 2560K, 99% used [0x00000000e2180000,0x00000000e23fc020,0x00000000e2400000)
  to   space 2560K, 0% used [0x00000000e1f00000,0x00000000e1f00000,0x00000000e2180000)
 ParOldGen       total 42496K, used 3785K [0x00000000a0000000, 0x00000000a2980000, 0x00000000e0000000)
  object space 42496K, 8% used [0x00000000a0000000,0x00000000a03b24f0,0x00000000a2980000)
 Metaspace       used 12772K, capacity 13060K, committed 13184K, reserved 1060864K
  class space    used 1720K, capacity 1831K, committed 1920K, reserved 1048576K
}
Event: 2.011 GC heap before
{Heap before GC invocations=5 (full 0):
 PSYoungGen      total 34304K, used 34288K [0x00000000e0000000, 0x00000000e2400000, 0x0000000100000000)
  eden space 31744K, 100% used [0x00000000e0000000,0x00000000e1f00000,0x00000000e1f00000)
  from space 2560K, 99% used [0x00000000e2180000,0x00000000e23fc020,0x00000000e2400000)
  to   space 2560K, 0% used [0x00000000e1f00000,0x00000000e1f00000,0x00000000e2180000)
 ParOldGen       total 42496K, used 3785K [0x00000000a0000000, 0x00000000a2980000, 0x00000000e0000000)
  object space 42496K, 8% used [0x00000000a0000000,0x00000000a03b24f0,0x00000000a2980000)
 Metaspace       used 16140K, capacity 16444K, committed 16768K, reserved 1062912K
  class space    used 2256K, capacity 2379K, committed 2432K, reserved 1048576K
Event: 2.061 GC heap after
Heap after GC invocations=5 (full 0):
 PSYoungGen      total 34304K, used 2528K [0x00000000e0000000, 0x00000000e4c00000, 0x0000000100000000)
  eden space 31744K, 0% used [0x00000000e0000000,0x00000000e0000000,0x00000000e1f00000)
  from space 2560K, 98% used [0x00000000e1f00000,0x00000000e2178050,0x00000000e2180000)
  to   space 7168K, 0% used [0x00000000e4500000,0x00000000e4500000,0x00000000e4c00000)
 ParOldGen       total 42496K, used 7842K [0x00000000a0000000, 0x00000000a2980000, 0x00000000e0000000)
  object space 42496K, 18% used [0x00000000a0000000,0x00000000a07a8960,0x00000000a2980000)
 Metaspace       used 16140K, capacity 16444K, committed 16768K, reserved 1062912K
  class space    used 2256K, capacity 2379K, committed 2432K, reserved 1048576K
}
Event: 2.696 GC heap before
{Heap before GC invocations=6 (full 0):
 PSYoungGen      total 34304K, used 28314K [0x00000000e0000000, 0x00000000e4c00000, 0x0000000100000000)
  eden space 31744K, 81% used [0x00000000e0000000,0x00000000e192ea58,0x00000000e1f00000)
  from space 2560K, 98% used [0x00000000e1f00000,0x00000000e2178050,0x00000000e2180000)
  to   space 7168K, 0% used [0x00000000e4500000,0x00000000e4500000,0x00000000e4c00000)
 ParOldGen       total 42496K, used 7842K [0x00000000a0000000, 0x00000000a2980000, 0x00000000e0000000)
  object space 42496K, 18% used [0x00000000a0000000,0x00000000a07a8960,0x00000000a2980000)
 Metaspace       used 20856K, capacity 21164K, committed 21296K, reserved 1067008K
  class space    used 2742K, capacity 2838K, committed 2864K, reserved 1048576K
Event: 2.729 GC heap after
Heap after GC invocations=6 (full 0):
 PSYoungGen      total 69632K, used 7089K [0x00000000e0000000, 0x00000000e4e00000, 0x0000000100000000)
  eden space 62464K, 0% used [0x00000000e0000000,0x00000000e0000000,0x00000000e3d00000)
  from space 7168K, 98% used [0x00000000e4500000,0x00000000e4bec570,0x00000000e4c00000)
  to   space 8192K, 0% used [0x00000000e3d00000,0x00000000e3d00000,0x00000000e4500000)
 ParOldGen       total 42496K, used 7850K [0x00000000a0000000, 0x00000000a2980000, 0x00000000e0000000)
  object space 42496K, 18% used [0x00000000a0000000,0x00000000a07aa960,0x00000000a2980000)
 Metaspace       used 20856K, capacity 21164K, committed 21296K, reserved 1067008K
  class space    used 2742K, capacity 2838K, committed 2864K, reserved 1048576K
}
Event: 2.729 GC heap before
{Heap before GC invocations=7 (full 1):
 PSYoungGen      total 69632K, used 7089K [0x00000000e0000000, 0x00000000e4e00000, 0x0000000100000000)
  eden space 62464K, 0% used [0x00000000e0000000,0x00000000e0000000,0x00000000e3d00000)
  from space 7168K, 98% used [0x00000000e4500000,0x00000000e4bec570,0x00000000e4c00000)
  to   space 8192K, 0% used [0x00000000e3d00000,0x00000000e3d00000,0x00000000e4500000)
 ParOldGen       total 42496K, used 7850K [0x00000000a0000000, 0x00000000a2980000, 0x00000000e0000000)
  object space 42496K, 18% used [0x00000000a0000000,0x00000000a07aa960,0x00000000a2980000)
 Metaspace       used 20856K, capacity 21164K, committed 21296K, reserved 1067008K
  class space    used 2742K, capacity 2838K, committed 2864K, reserved 1048576K
Event: 2.876 GC heap after
Heap after GC invocations=7 (full 1):
 PSYoungGen      total 69632K, used 0K [0x00000000e0000000, 0x00000000e4e00000, 0x0000000100000000)
  eden space 62464K, 0% used [0x00000000e0000000,0x00000000e0000000,0x00000000e3d00000)
  from space 7168K, 0% used [0x00000000e4500000,0x00000000e4500000,0x00000000e4c00000)
  to   space 8192K, 0% used [0x00000000e3d00000,0x00000000e3d00000,0x00000000e4500000)
 ParOldGen       total 41472K, used 11654K [0x00000000a0000000, 0x00000000a2880000, 0x00000000e0000000)
  object space 41472K, 28% used [0x00000000a0000000,0x00000000a0b61818,0x00000000a2880000)
 Metaspace       used 20856K, capacity 21164K, committed 21296K, reserved 1067008K
  class space    used 2742K, capacity 2838K, committed 2864K, reserved 1048576K
}
Event: 75.409 GC heap before
{Heap before GC invocations=8 (full 1):
 PSYoungGen      total 69632K, used 62464K [0x00000000e0000000, 0x00000000e4e00000, 0x0000000100000000)
  eden space 62464K, 100% used [0x00000000e0000000,0x00000000e3d00000,0x00000000e3d00000)
  from space 7168K, 0% used [0x00000000e4500000,0x00000000e4500000,0x00000000e4c00000)
  to   space 8192K, 0% used [0x00000000e3d00000,0x00000000e3d00000,0x00000000e4500000)
 ParOldGen       total 41472K, used 11654K [0x00000000a0000000, 0x00000000a2880000, 0x00000000e0000000)
  object space 41472K, 28% used [0x00000000a0000000,0x00000000a0b61818,0x00000000a2880000)
 Metaspace       used 25667K, capacity 26120K, committed 26288K, reserved 1071104K
  class space    used 3560K, capacity 3671K, committed 3760K, reserved 1048576K

