# JRE version: OpenJDK Runtime Environment (8.0_152-b01) (build 1.8.0_152-release-1024-b01)
# Java VM: OpenJDK 64-Bit Server VM (25.152-b01 mixed mode linux-amd64 compressed oops)
Heap:
 PSYoungGen      total 394240K, used 0K [0x00000000e0000000, 0x0000000100000000, 0x0000000100000000)
  eden space 272896K, 0% used [0x00000000e0000000,0x00000000e0000000,0x00000000f0a80000)
  from space 121344K, 0% used [0x00000000f0a80000,0x00000000f0a80000,0x00000000f8100000)
  to   space 129024K, 0% used [0x00000000f8200000,0x00000000f8200000,0x0000000100000000)
 ParOldGen       total 700416K, used 672494K [0x00000000a0000000, 0x00000000cac00000, 0x00000000e0000000)
  object space 700416K, 96% used [0x00000000a0000000,0x00000000c90bb9b0,0x00000000cac00000)
 Metaspace       used 115714K, capacity 121466K, committed 121816K, reserved 1155072K
  class space    used 14018K, capacity 15267K, committed 15360K, reserved 1048576K
GC Heap History (10 events):
Event: 603.394 GC heap after
Heap after GC invocations=45 (full 7):
 PSYoungGen      total 388096K, used 22363K [0x00000000e0000000, 0x0000000100000000, 0x0000000100000000)
  eden space 276480K, 0% used [0x00000000e0000000,0x00000000e0000000,0x00000000f0e00000)
  from space 111616K, 20% used [0x00000000f9300000,0x00000000fa8d6c08,0x0000000100000000)
  to   space 123904K, 0% used [0x00000000f0e00000,0x00000000f0e00000,0x00000000f8700000)
 ParOldGen       total 549888K, used 490151K [0x00000000a0000000, 0x00000000c1900000, 0x00000000e0000000)
  object space 549888K, 89% used [0x00000000a0000000,0x00000000bdea9de0,0x00000000c1900000)
 Metaspace       used 108507K, capacity 113916K, committed 114136K, reserved 1148928K
  class space    used 13312K, capacity 14478K, committed 14592K, reserved 1048576K
}
Event: 603.397 GC heap before
{Heap before GC invocations=46 (full 8):
 PSYoungGen      total 388096K, used 22363K [0x00000000e0000000, 0x0000000100000000, 0x0000000100000000)
  eden space 276480K, 0% used [0x00000000e0000000,0x00000000e0000000,0x00000000f0e00000)
  from space 111616K, 20% used [0x00000000f9300000,0x00000000fa8d6c08,0x0000000100000000)
  to   space 123904K, 0% used [0x00000000f0e00000,0x00000000f0e00000,0x00000000f8700000)
 ParOldGen       total 549888K, used 490151K [0x00000000a0000000, 0x00000000c1900000, 0x00000000e0000000)
  object space 549888K, 89% used [0x00000000a0000000,0x00000000bdea9de0,0x00000000c1900000)
 Metaspace       used 108507K, capacity 113916K, committed 114136K, reserved 1148928K
  class space    used 13312K, capacity 14478K, committed 14592K, reserved 1048576K
Event: 607.334 GC heap after
Heap after GC invocations=46 (full 8):
 PSYoungGen      total 388096K, used 0K [0x00000000e0000000, 0x0000000100000000, 0x0000000100000000)
  eden space 276480K, 0% used [0x00000000e0000000,0x00000000e0000000,0x00000000f0e00000)
  from space 111616K, 0% used [0x00000000f9300000,0x00000000f9300000,0x0000000100000000)
  to   space 123904K, 0% used [0x00000000f0e00000,0x00000000f0e00000,0x00000000f8700000)
 ParOldGen       total 700416K, used 501539K [0x00000000a0000000, 0x00000000cac00000, 0x00000000e0000000)
  object space 700416K, 71% used [0x00000000a0000000,0x00000000be9c8e30,0x00000000cac00000)
 Metaspace       used 108507K, capacity 113916K, committed 114136K, reserved 1148928K
  class space    used 13312K, capacity 14478K, committed 14592K, reserved 1048576K
}
Event: 611.208 GC heap before
{Heap before GC invocations=47 (full 8):
 PSYoungGen      total 388096K, used 276480K [0x00000000e0000000, 0x0000000100000000, 0x0000000100000000)
  eden space 276480K, 100% used [0x00000000e0000000,0x00000000f0e00000,0x00000000f0e00000)
  from space 111616K, 0% used [0x00000000f9300000,0x00000000f9300000,0x0000000100000000)
  to   space 123904K, 0% used [0x00000000f0e00000,0x00000000f0e00000,0x00000000f8700000)
 ParOldGen       total 700416K, used 501539K [0x00000000a0000000, 0x00000000cac00000, 0x00000000e0000000)
  object space 700416K, 71% used [0x00000000a0000000,0x00000000be9c8e30,0x00000000cac00000)
 Metaspace       used 111486K, capacity 116902K, committed 117208K, reserved 1150976K
  class space    used 13589K, capacity 14759K, committed 14848K, reserved 1048576K
Event: 611.299 GC heap after
Heap after GC invocations=47 (full 8):
 PSYoungGen      total 356864K, used 79974K [0x00000000e0000000, 0x0000000100000000, 0x0000000100000000)
  eden space 276480K, 0% used [0x00000000e0000000,0x00000000e0000000,0x00000000f0e00000)
  from space 80384K, 99% used [0x00000000f0e00000,0x00000000f5c199e8,0x00000000f5c80000)
  to   space 130048K, 0% used [0x00000000f8100000,0x00000000f8100000,0x0000000100000000)
 ParOldGen       total 700416K, used 501547K [0x00000000a0000000, 0x00000000cac00000, 0x00000000e0000000)
  object space 700416K, 71% used [0x00000000a0000000,0x00000000be9cae30,0x00000000cac00000)
 Metaspace       used 111486K, capacity 116902K, committed 117208K, reserved 1150976K
  class space    used 13589K, capacity 14759K, committed 14848K, reserved 1048576K
}
Event: 1063.691 GC heap before
{Heap before GC invocations=48 (full 8):
 PSYoungGen      total 356864K, used 356454K [0x00000000e0000000, 0x0000000100000000, 0x0000000100000000)
  eden space 276480K, 100% used [0x00000000e0000000,0x00000000f0e00000,0x00000000f0e00000)
  from space 80384K, 99% used [0x00000000f0e00000,0x00000000f5c199e8,0x00000000f5c80000)
  to   space 130048K, 0% used [0x00000000f8100000,0x00000000f8100000,0x0000000100000000)
 ParOldGen       total 700416K, used 501547K [0x00000000a0000000, 0x00000000cac00000, 0x00000000e0000000)
  object space 700416K, 71% used [0x00000000a0000000,0x00000000be9cae30,0x00000000cac00000)
 Metaspace       used 112356K, capacity 118086K, committed 118360K, reserved 1153024K
  class space    used 13691K, capacity 14929K, committed 14976K, reserved 1048576K
Event: 1064.617 GC heap after
Heap after GC invocations=48 (full 8):
 PSYoungGen      total 402944K, used 45008K [0x00000000e0000000, 0x0000000100000000, 0x0000000100000000)
  eden space 272896K, 0% used [0x00000000e0000000,0x00000000e0000000,0x00000000f0a80000)
  from space 130048K, 34% used [0x00000000f8100000,0x00000000facf4380,0x0000000100000000)
  to   space 121344K, 0% used [0x00000000f0a80000,0x00000000f0a80000,0x00000000f8100000)
 ParOldGen       total 700416K, used 571794K [0x00000000a0000000, 0x00000000cac00000, 0x00000000e0000000)
  object space 700416K, 81% used [0x00000000a0000000,0x00000000c2e648c8,0x00000000cac00000)
 Metaspace       used 112356K, capacity 118086K, committed 118360K, reserved 1153024K
  class space    used 13691K, capacity 14929K, committed 14976K, reserved 1048576K
}
Event: 1066.584 GC heap before
{Heap before GC invocations=49 (full 8):
 PSYoungGen      total 402944K, used 317904K [0x00000000e0000000, 0x0000000100000000, 0x0000000100000000)
  eden space 272896K, 100% used [0x00000000e0000000,0x00000000f0a80000,0x00000000f0a80000)
  from space 130048K, 34% used [0x00000000f8100000,0x00000000facf4380,0x0000000100000000)
  to   space 121344K, 0% used [0x00000000f0a80000,0x00000000f0a80000,0x00000000f8100000)
 ParOldGen       total 700416K, used 571794K [0x00000000a0000000, 0x00000000cac00000, 0x00000000e0000000)
  object space 700416K, 81% used [0x00000000a0000000,0x00000000c2e648c8,0x00000000cac00000)
 Metaspace       used 115829K, capacity 121656K, committed 121816K, reserved 1155072K
  class space    used 14040K, capacity 15308K, committed 15360K, reserved 1048576K
Event: 1066.752 GC heap after
Heap after GC invocations=49 (full 8):
 PSYoungGen      total 394240K, used 86025K [0x00000000e0000000, 0x0000000100000000, 0x0000000100000000)
  eden space 272896K, 0% used [0x00000000e0000000,0x00000000e0000000,0x00000000f0a80000)
  from space 121344K, 70% used [0x00000000f0a80000,0x00000000f5e82550,0x00000000f8100000)
  to   space 129024K, 0% used [0x00000000f8200000,0x00000000f8200000,0x0000000100000000)
 ParOldGen       total 700416K, used 614726K [0x00000000a0000000, 0x00000000cac00000, 0x00000000e0000000)
  object space 700416K, 87% used [0x00000000a0000000,0x00000000c5851908,0x00000000cac00000)
 Metaspace       used 115829K, capacity 121656K, committed 121816K, reserved 1155072K
  class space    used 14040K, capacity 15308K, committed 15360K, reserved 1048576K
}
Event: 1066.753 GC heap before
{Heap before GC invocations=50 (full 9):
 PSYoungGen      total 394240K, used 86025K [0x00000000e0000000, 0x0000000100000000, 0x0000000100000000)
  eden space 272896K, 0% used [0x00000000e0000000,0x00000000e0000000,0x00000000f0a80000)
  from space 121344K, 70% used [0x00000000f0a80000,0x00000000f5e82550,0x00000000f8100000)
  to   space 129024K, 0% used [0x00000000f8200000,0x00000000f8200000,0x0000000100000000)
 ParOldGen       total 700416K, used 614726K [0x00000000a0000000, 0x00000000cac00000, 0x00000000e0000000)
  object space 700416K, 87% used [0x00000000a0000000,0x00000000c5851908,0x00000000cac00000)
 Metaspace       used 115829K, capacity 121656K, committed 121816K, reserved 1155072K
  class space    used 14040K, capacity 15308K, committed 15360K, reserved 1048576K

