# JRE version: OpenJDK Runtime Environment (8.0_152-b01) (build 1.8.0_152-release-1024-b01)
# Java VM: OpenJDK 64-Bit Server VM (25.152-b01 mixed mode linux-amd64 compressed oops)
Heap:
 PSYoungGen      total 418816K, used 0K [0x00000000e0000000, 0x0000000100000000, 0x0000000100000000)
  eden space 310272K, 0% used [0x00000000e0000000,0x00000000e0000000,0x00000000f2f00000)
  from space 108544K, 0% used [0x00000000f9600000,0x00000000f9600000,0x0000000100000000)
  to   space 105472K, 0% used [0x00000000f2f00000,0x00000000f2f00000,0x00000000f9600000)
 ParOldGen       total 326144K, used 322509K [0x00000000a0000000, 0x00000000b3e80000, 0x00000000e0000000)
  object space 326144K, 98% used [0x00000000a0000000,0x00000000b3af35a8,0x00000000b3e80000)
 Metaspace       used 93265K, capacity 97246K, committed 97432K, reserved 1134592K
  class space    used 11735K, capacity 12625K, committed 12720K, reserved 1048576K
GC Heap History (10 events):
Event: 231.531 GC heap after
Heap after GC invocations=23 (full 4):
 PSYoungGen      total 285184K, used 58860K [0x00000000e0000000, 0x00000000fd900000, 0x0000000100000000)
  eden space 226304K, 0% used [0x00000000e0000000,0x00000000e0000000,0x00000000edd00000)
  from space 58880K, 99% used [0x00000000edd00000,0x00000000f167b010,0x00000000f1680000)
  to   space 99840K, 0% used [0x00000000f7780000,0x00000000f7780000,0x00000000fd900000)
 ParOldGen       total 193536K, used 192682K [0x00000000a0000000, 0x00000000abd00000, 0x00000000e0000000)
  object space 193536K, 99% used [0x00000000a0000000,0x00000000abc2ab38,0x00000000abd00000)
 Metaspace       used 83494K, capacity 86784K, committed 86936K, reserved 1124352K
  class space    used 10709K, capacity 11426K, committed 11440K, reserved 1048576K
}
Event: 231.531 GC heap before
{Heap before GC invocations=24 (full 5):
 PSYoungGen      total 285184K, used 58860K [0x00000000e0000000, 0x00000000fd900000, 0x0000000100000000)
  eden space 226304K, 0% used [0x00000000e0000000,0x00000000e0000000,0x00000000edd00000)
  from space 58880K, 99% used [0x00000000edd00000,0x00000000f167b010,0x00000000f1680000)
  to   space 99840K, 0% used [0x00000000f7780000,0x00000000f7780000,0x00000000fd900000)
 ParOldGen       total 193536K, used 192682K [0x00000000a0000000, 0x00000000abd00000, 0x00000000e0000000)
  object space 193536K, 99% used [0x00000000a0000000,0x00000000abc2ab38,0x00000000abd00000)
 Metaspace       used 83494K, capacity 86784K, committed 86936K, reserved 1124352K
  class space    used 10709K, capacity 11426K, committed 11440K, reserved 1048576K
Event: 232.818 GC heap after
Heap after GC invocations=24 (full 5):
 PSYoungGen      total 285184K, used 40171K [0x00000000e0000000, 0x00000000fd900000, 0x0000000100000000)
  eden space 226304K, 0% used [0x00000000e0000000,0x00000000e0000000,0x00000000edd00000)
  from space 58880K, 68% used [0x00000000edd00000,0x00000000f043ae88,0x00000000f1680000)
  to   space 99840K, 0% used [0x00000000f7780000,0x00000000f7780000,0x00000000fd900000)
 ParOldGen       total 326144K, used 193385K [0x00000000a0000000, 0x00000000b3e80000, 0x00000000e0000000)
  object space 326144K, 59% used [0x00000000a0000000,0x00000000abcda718,0x00000000b3e80000)
 Metaspace       used 83491K, capacity 86780K, committed 86936K, reserved 1124352K
  class space    used 10708K, capacity 11424K, committed 11440K, reserved 1048576K
}
Event: 773.848 GC heap before
{Heap before GC invocations=25 (full 5):
 PSYoungGen      total 285184K, used 266475K [0x00000000e0000000, 0x00000000fd900000, 0x0000000100000000)
  eden space 226304K, 100% used [0x00000000e0000000,0x00000000edd00000,0x00000000edd00000)
  from space 58880K, 68% used [0x00000000edd00000,0x00000000f043ae88,0x00000000f1680000)
  to   space 99840K, 0% used [0x00000000f7780000,0x00000000f7780000,0x00000000fd900000)
 ParOldGen       total 326144K, used 193385K [0x00000000a0000000, 0x00000000b3e80000, 0x00000000e0000000)
  object space 326144K, 59% used [0x00000000a0000000,0x00000000abcda718,0x00000000b3e80000)
 Metaspace       used 87245K, capacity 90844K, committed 91032K, reserved 1128448K
  class space    used 11077K, capacity 11860K, committed 11952K, reserved 1048576K
Event: 777.242 GC heap after
Heap after GC invocations=25 (full 5):
 PSYoungGen      total 364032K, used 34495K [0x00000000e0000000, 0x00000000fc900000, 0x0000000100000000)
  eden space 280576K, 0% used [0x00000000e0000000,0x00000000e0000000,0x00000000f1200000)
  from space 83456K, 41% used [0x00000000f7780000,0x00000000f992fed0,0x00000000fc900000)
  to   space 93696K, 0% used [0x00000000f1200000,0x00000000f1200000,0x00000000f6d80000)
 ParOldGen       total 326144K, used 220399K [0x00000000a0000000, 0x00000000b3e80000, 0x00000000e0000000)
  object space 326144K, 67% used [0x00000000a0000000,0x00000000ad73be28,0x00000000b3e80000)
 Metaspace       used 87245K, capacity 90844K, committed 91032K, reserved 1128448K
  class space    used 11077K, capacity 11860K, committed 11952K, reserved 1048576K
}
Event: 784.067 GC heap before
{Heap before GC invocations=26 (full 5):
 PSYoungGen      total 364032K, used 315071K [0x00000000e0000000, 0x00000000fc900000, 0x0000000100000000)
  eden space 280576K, 100% used [0x00000000e0000000,0x00000000f1200000,0x00000000f1200000)
  from space 83456K, 41% used [0x00000000f7780000,0x00000000f992fed0,0x00000000fc900000)
  to   space 93696K, 0% used [0x00000000f1200000,0x00000000f1200000,0x00000000f6d80000)
 ParOldGen       total 326144K, used 220399K [0x00000000a0000000, 0x00000000b3e80000, 0x00000000e0000000)
  object space 326144K, 67% used [0x00000000a0000000,0x00000000ad73be28,0x00000000b3e80000)
 Metaspace       used 92371K, capacity 96138K, committed 96536K, reserved 1132544K
  class space    used 11665K, capacity 12487K, committed 12592K, reserved 1048576K
Event: 784.589 GC heap after
Heap after GC invocations=26 (full 5):
 PSYoungGen      total 374272K, used 89271K [0x00000000e0000000, 0x0000000100000000, 0x0000000100000000)
  eden space 280576K, 0% used [0x00000000e0000000,0x00000000e0000000,0x00000000f1200000)
  from space 93696K, 95% used [0x00000000f1200000,0x00000000f692de00,0x00000000f6d80000)
  to   space 108544K, 0% used [0x00000000f9600000,0x00000000f9600000,0x0000000100000000)
 ParOldGen       total 326144K, used 241143K [0x00000000a0000000, 0x00000000b3e80000, 0x00000000e0000000)
  object space 326144K, 73% used [0x00000000a0000000,0x00000000aeb7dea8,0x00000000b3e80000)
 Metaspace       used 92371K, capacity 96138K, committed 96536K, reserved 1132544K
  class space    used 11665K, capacity 12487K, committed 12592K, reserved 1048576K
}
Event: 806.228 GC heap before
{Heap before GC invocations=27 (full 5):
 PSYoungGen      total 374272K, used 369847K [0x00000000e0000000, 0x0000000100000000, 0x0000000100000000)
  eden space 280576K, 100% used [0x00000000e0000000,0x00000000f1200000,0x00000000f1200000)
  from space 93696K, 95% used [0x00000000f1200000,0x00000000f692de00,0x00000000f6d80000)
  to   space 108544K, 0% used [0x00000000f9600000,0x00000000f9600000,0x0000000100000000)
 ParOldGen       total 326144K, used 241143K [0x00000000a0000000, 0x00000000b3e80000, 0x00000000e0000000)
  object space 326144K, 73% used [0x00000000a0000000,0x00000000aeb7dea8,0x00000000b3e80000)
 Metaspace       used 93265K, capacity 97246K, committed 97432K, reserved 1134592K
  class space    used 11735K, capacity 12625K, committed 12720K, reserved 1048576K
Event: 806.586 GC heap after
Heap after GC invocations=27 (full 5):
 PSYoungGen      total 418816K, used 16985K [0x00000000e0000000, 0x0000000100000000, 0x0000000100000000)
  eden space 310272K, 0% used [0x00000000e0000000,0x00000000e0000000,0x00000000f2f00000)
  from space 108544K, 15% used [0x00000000f9600000,0x00000000fa6964f8,0x0000000100000000)
  to   space 105472K, 0% used [0x00000000f2f00000,0x00000000f2f00000,0x00000000f9600000)
 ParOldGen       total 326144K, used 323626K [0x00000000a0000000, 0x00000000b3e80000, 0x00000000e0000000)
  object space 326144K, 99% used [0x00000000a0000000,0x00000000b3c0abd0,0x00000000b3e80000)
 Metaspace       used 93265K, capacity 97246K, committed 97432K, reserved 1134592K
  class space    used 11735K, capacity 12625K, committed 12720K, reserved 1048576K
}
Event: 806.586 GC heap before
{Heap before GC invocations=28 (full 6):
 PSYoungGen      total 418816K, used 16985K [0x00000000e0000000, 0x0000000100000000, 0x0000000100000000)
  eden space 310272K, 0% used [0x00000000e0000000,0x00000000e0000000,0x00000000f2f00000)
  from space 108544K, 15% used [0x00000000f9600000,0x00000000fa6964f8,0x0000000100000000)
  to   space 105472K, 0% used [0x00000000f2f00000,0x00000000f2f00000,0x00000000f9600000)
 ParOldGen       total 326144K, used 323626K [0x00000000a0000000, 0x00000000b3e80000, 0x00000000e0000000)
  object space 326144K, 99% used [0x00000000a0000000,0x00000000b3c0abd0,0x00000000b3e80000)
 Metaspace       used 93265K, capacity 97246K, committed 97432K, reserved 1134592K
  class space    used 11735K, capacity 12625K, committed 12720K, reserved 1048576K

