# JRE version: OpenJDK Runtime Environment (8.0_151-b12) (build 1.8.0_151-8u151-b12-0ubuntu0.17.10.2-b12)
# Java VM: OpenJDK 64-Bit Server VM (25.151-b12 mixed mode linux-amd64 compressed oops)
Heap:
 PSYoungGen      total 418816K, used 15551K [0x00000000e0000000, 0x00000000fcd80000, 0x0000000100000000)
  eden space 376832K, 0% used [0x00000000e0000000,0x00000000e0000000,0x00000000f7000000)
  from space 41984K, 37% used [0x00000000f7000000,0x00000000f7f2ff98,0x00000000f9900000)
  to   space 44032K, 0% used [0x00000000f9900000,0x00000000f9900000,0x00000000fc400000)
 ParOldGen       total 184832K, used 118728K [0x00000000a0000000, 0x00000000ab480000, 0x00000000e0000000)
  object space 184832K, 64% used [0x00000000a0000000,0x00000000a73f22e0,0x00000000ab480000)
 Metaspace       used 112068K, capacity 118528K, committed 118616K, reserved 1150976K
  class space    used 15002K, capacity 16245K, committed 16256K, reserved 1048576K
GC Heap History (10 events):
Event: 85.950 GC heap after
Heap after GC invocations=26 (full 4):
 PSYoungGen      total 337408K, used 19993K [0x00000000e0000000, 0x00000000f8100000, 0x0000000100000000)
  eden space 284160K, 0% used [0x00000000e0000000,0x00000000e0000000,0x00000000f1580000)
  from space 53248K, 37% used [0x00000000f4680000,0x00000000f5a06480,0x00000000f7a80000)
  to   space 50176K, 0% used [0x00000000f1580000,0x00000000f1580000,0x00000000f4680000)
 ParOldGen       total 184832K, used 113369K [0x00000000a0000000, 0x00000000ab480000, 0x00000000e0000000)
  object space 184832K, 61% used [0x00000000a0000000,0x00000000a6eb6608,0x00000000ab480000)
 Metaspace       used 109150K, capacity 115324K, committed 115544K, reserved 1148928K
  class space    used 14743K, capacity 15927K, committed 16000K, reserved 1048576K
}
Event: 87.175 GC heap before
{Heap before GC invocations=27 (full 4):
 PSYoungGen      total 337408K, used 304153K [0x00000000e0000000, 0x00000000f8100000, 0x0000000100000000)
  eden space 284160K, 100% used [0x00000000e0000000,0x00000000f1580000,0x00000000f1580000)
  from space 53248K, 37% used [0x00000000f4680000,0x00000000f5a06480,0x00000000f7a80000)
  to   space 50176K, 0% used [0x00000000f1580000,0x00000000f1580000,0x00000000f4680000)
 ParOldGen       total 184832K, used 113369K [0x00000000a0000000, 0x00000000ab480000, 0x00000000e0000000)
  object space 184832K, 61% used [0x00000000a0000000,0x00000000a6eb6608,0x00000000ab480000)
 Metaspace       used 109495K, capacity 115678K, committed 115800K, reserved 1148928K
  class space    used 14748K, capacity 15936K, committed 16000K, reserved 1048576K
Event: 87.206 GC heap after
Heap after GC invocations=27 (full 4):
 PSYoungGen      total 334336K, used 24154K [0x00000000e0000000, 0x00000000fa600000, 0x0000000100000000)
  eden space 284160K, 0% used [0x00000000e0000000,0x00000000e0000000,0x00000000f1580000)
  from space 50176K, 48% used [0x00000000f1580000,0x00000000f2d168a0,0x00000000f4680000)
  to   space 48640K, 0% used [0x00000000f7680000,0x00000000f7680000,0x00000000fa600000)
 ParOldGen       total 184832K, used 113377K [0x00000000a0000000, 0x00000000ab480000, 0x00000000e0000000)
  object space 184832K, 61% used [0x00000000a0000000,0x00000000a6eb8608,0x00000000ab480000)
 Metaspace       used 109495K, capacity 115678K, committed 115800K, reserved 1148928K
  class space    used 14748K, capacity 15936K, committed 16000K, reserved 1048576K
}
Event: 88.900 GC heap before
{Heap before GC invocations=28 (full 4):
 PSYoungGen      total 334336K, used 308314K [0x00000000e0000000, 0x00000000fa600000, 0x0000000100000000)
  eden space 284160K, 100% used [0x00000000e0000000,0x00000000f1580000,0x00000000f1580000)
  from space 50176K, 48% used [0x00000000f1580000,0x00000000f2d168a0,0x00000000f4680000)
  to   space 48640K, 0% used [0x00000000f7680000,0x00000000f7680000,0x00000000fa600000)
 ParOldGen       total 184832K, used 113377K [0x00000000a0000000, 0x00000000ab480000, 0x00000000e0000000)
  object space 184832K, 61% used [0x00000000a0000000,0x00000000a6eb8608,0x00000000ab480000)
 Metaspace       used 109918K, capacity 116134K, committed 116312K, reserved 1148928K
  class space    used 14755K, capacity 15946K, committed 16000K, reserved 1048576K
Event: 88.931 GC heap after
Heap after GC invocations=28 (full 4):
 PSYoungGen      total 376320K, used 17565K [0x00000000e0000000, 0x00000000fa080000, 0x0000000100000000)
  eden space 333312K, 0% used [0x00000000e0000000,0x00000000e0000000,0x00000000f4580000)
  from space 43008K, 40% used [0x00000000f7680000,0x00000000f87a7448,0x00000000fa080000)
  to   space 46592K, 0% used [0x00000000f4580000,0x00000000f4580000,0x00000000f7300000)
 ParOldGen       total 184832K, used 113385K [0x00000000a0000000, 0x00000000ab480000, 0x00000000e0000000)
  object space 184832K, 61% used [0x00000000a0000000,0x00000000a6eba608,0x00000000ab480000)
 Metaspace       used 109918K, capacity 116134K, committed 116312K, reserved 1148928K
  class space    used 14755K, capacity 15946K, committed 16000K, reserved 1048576K
}
Event: 90.749 GC heap before
{Heap before GC invocations=29 (full 4):
 PSYoungGen      total 376320K, used 350877K [0x00000000e0000000, 0x00000000fa080000, 0x0000000100000000)
  eden space 333312K, 100% used [0x00000000e0000000,0x00000000f4580000,0x00000000f4580000)
  from space 43008K, 40% used [0x00000000f7680000,0x00000000f87a7448,0x00000000fa080000)
  to   space 46592K, 0% used [0x00000000f4580000,0x00000000f4580000,0x00000000f7300000)
 ParOldGen       total 184832K, used 113409K [0x00000000a0000000, 0x00000000ab480000, 0x00000000e0000000)
  object space 184832K, 61% used [0x00000000a0000000,0x00000000a6ec0638,0x00000000ab480000)
 Metaspace       used 112020K, capacity 118464K, committed 118616K, reserved 1150976K
  class space    used 15002K, capacity 16245K, committed 16256K, reserved 1048576K
Event: 90.776 GC heap after
Heap after GC invocations=29 (full 4):
 PSYoungGen      total 379904K, used 20123K [0x00000000e0000000, 0x00000000fc400000, 0x0000000100000000)
  eden space 333312K, 0% used [0x00000000e0000000,0x00000000e0000000,0x00000000f4580000)
  from space 46592K, 43% used [0x00000000f4580000,0x00000000f5926c88,0x00000000f7300000)
  to   space 44032K, 0% used [0x00000000f9900000,0x00000000f9900000,0x00000000fc400000)
 ParOldGen       total 184832K, used 113417K [0x00000000a0000000, 0x00000000ab480000, 0x00000000e0000000)
  object space 184832K, 61% used [0x00000000a0000000,0x00000000a6ec2638,0x00000000ab480000)
 Metaspace       used 112020K, capacity 118464K, committed 118616K, reserved 1150976K
  class space    used 15002K, capacity 16245K, committed 16256K, reserved 1048576K
}
Event: 91.362 GC heap before
{Heap before GC invocations=30 (full 4):
 PSYoungGen      total 379904K, used 353435K [0x00000000e0000000, 0x00000000fc400000, 0x0000000100000000)
  eden space 333312K, 100% used [0x00000000e0000000,0x00000000f4580000,0x00000000f4580000)
  from space 46592K, 43% used [0x00000000f4580000,0x00000000f5926c88,0x00000000f7300000)
  to   space 44032K, 0% used [0x00000000f9900000,0x00000000f9900000,0x00000000fc400000)
 ParOldGen       total 184832K, used 113463K [0x00000000a0000000, 0x00000000ab480000, 0x00000000e0000000)
  object space 184832K, 61% used [0x00000000a0000000,0x00000000a6ecdc40,0x00000000ab480000)
 Metaspace       used 112048K, capacity 118464K, committed 118616K, reserved 1150976K
  class space    used 15002K, capacity 16245K, committed 16256K, reserved 1048576K
Event: 91.410 GC heap after
Heap after GC invocations=30 (full 4):
 PSYoungGen      total 420864K, used 19743K [0x00000000e0000000, 0x00000000fcd80000, 0x0000000100000000)
  eden space 376832K, 0% used [0x00000000e0000000,0x00000000e0000000,0x00000000f7000000)
  from space 44032K, 44% used [0x00000000f9900000,0x00000000fac47ca8,0x00000000fc400000)
  to   space 41984K, 0% used [0x00000000f7000000,0x00000000f7000000,0x00000000f9900000)
 ParOldGen       total 184832K, used 113471K [0x00000000a0000000, 0x00000000ab480000, 0x00000000e0000000)
  object space 184832K, 61% used [0x00000000a0000000,0x00000000a6ecfc40,0x00000000ab480000)
 Metaspace       used 112048K, capacity 118464K, committed 118616K, reserved 1150976K
  class space    used 15002K, capacity 16245K, committed 16256K, reserved 1048576K
}
Event: 91.916 GC heap before
{Heap before GC invocations=31 (full 4):
 PSYoungGen      total 420864K, used 396575K [0x00000000e0000000, 0x00000000fcd80000, 0x0000000100000000)
  eden space 376832K, 100% used [0x00000000e0000000,0x00000000f7000000,0x00000000f7000000)
  from space 44032K, 44% used [0x00000000f9900000,0x00000000fac47ca8,0x00000000fc400000)
  to   space 41984K, 0% used [0x00000000f7000000,0x00000000f7000000,0x00000000f9900000)
 ParOldGen       total 184832K, used 113471K [0x00000000a0000000, 0x00000000ab480000, 0x00000000e0000000)
  object space 184832K, 61% used [0x00000000a0000000,0x00000000a6ecfc40,0x00000000ab480000)
 Metaspace       used 112068K, capacity 118528K, committed 118616K, reserved 1150976K
  class space    used 15002K, capacity 16245K, committed 16256K, reserved 1048576K

