# JRE version: OpenJDK Runtime Environment (8.0_152-b01) (build 1.8.0_152-release-1024-b01)
# Java VM: OpenJDK 64-Bit Server VM (25.152-b01 mixed mode linux-amd64 compressed oops)
Heap:
 PSYoungGen      total 349696K, used 97218K [0x00000000e0000000, 0x0000000100000000, 0x0000000100000000)
  eden space 175104K, 0% used [0x00000000e0000000,0x00000000e0000000,0x00000000eab00000)
  from space 174592K, 55% used [0x00000000eab00000,0x00000000f09f0bd0,0x00000000f5580000)
  to   space 174592K, 0% used [0x00000000f5580000,0x00000000f5580000,0x0000000100000000)
 ParOldGen       total 403968K, used 403966K [0x00000000a0000000, 0x00000000b8a80000, 0x00000000e0000000)
  object space 403968K, 99% used [0x00000000a0000000,0x00000000b8a7fb38,0x00000000b8a80000)
 Metaspace       used 100259K, capacity 104940K, committed 105624K, reserved 1140736K
  class space    used 12296K, capacity 13321K, committed 13488K, reserved 1048576K
GC Heap History (10 events):
Event: 1598.003 GC heap after
Heap after GC invocations=35 (full 6):
 PSYoungGen      total 382464K, used 118144K [0x00000000e0000000, 0x0000000100000000, 0x0000000100000000)
  eden space 264192K, 0% used [0x00000000e0000000,0x00000000e0000000,0x00000000f0200000)
  from space 118272K, 99% used [0x00000000f0200000,0x00000000f7560040,0x00000000f7580000)
  to   space 141824K, 0% used [0x00000000f7580000,0x00000000f7580000,0x0000000100000000)
 ParOldGen       total 403968K, used 237022K [0x00000000a0000000, 0x00000000b8a80000, 0x00000000e0000000)
  object space 403968K, 58% used [0x00000000a0000000,0x00000000ae777af0,0x00000000b8a80000)
 Metaspace       used 93849K, capacity 98270K, committed 98456K, reserved 1134592K
  class space    used 11658K, capacity 12612K, committed 12720K, reserved 1048576K
}
Event: 1826.533 GC heap before
{Heap before GC invocations=36 (full 6):
 PSYoungGen      total 382464K, used 382336K [0x00000000e0000000, 0x0000000100000000, 0x0000000100000000)
  eden space 264192K, 100% used [0x00000000e0000000,0x00000000f0200000,0x00000000f0200000)
  from space 118272K, 99% used [0x00000000f0200000,0x00000000f7560040,0x00000000f7580000)
  to   space 141824K, 0% used [0x00000000f7580000,0x00000000f7580000,0x0000000100000000)
 ParOldGen       total 403968K, used 237022K [0x00000000a0000000, 0x00000000b8a80000, 0x00000000e0000000)
  object space 403968K, 58% used [0x00000000a0000000,0x00000000ae777af0,0x00000000b8a80000)
 Metaspace       used 97140K, capacity 101856K, committed 102168K, reserved 1138688K
  class space    used 11997K, capacity 13003K, committed 13104K, reserved 1048576K
Event: 1827.346 GC heap after
Heap after GC invocations=36 (full 6):
 PSYoungGen      total 316928K, used 141800K [0x00000000e0000000, 0x0000000100000000, 0x0000000100000000)
  eden space 175104K, 0% used [0x00000000e0000000,0x00000000e0000000,0x00000000eab00000)
  from space 141824K, 99% used [0x00000000f7580000,0x00000000ffffa1e8,0x0000000100000000)
  to   space 174592K, 0% used [0x00000000eab00000,0x00000000eab00000,0x00000000f5580000)
 ParOldGen       total 403968K, used 289638K [0x00000000a0000000, 0x00000000b8a80000, 0x00000000e0000000)
  object space 403968K, 71% used [0x00000000a0000000,0x00000000b1ad9ae8,0x00000000b8a80000)
 Metaspace       used 97140K, capacity 101856K, committed 102168K, reserved 1138688K
  class space    used 11997K, capacity 13003K, committed 13104K, reserved 1048576K
}
Event: 1829.981 GC heap before
{Heap before GC invocations=37 (full 6):
 PSYoungGen      total 316928K, used 316904K [0x00000000e0000000, 0x0000000100000000, 0x0000000100000000)
  eden space 175104K, 100% used [0x00000000e0000000,0x00000000eab00000,0x00000000eab00000)
  from space 141824K, 99% used [0x00000000f7580000,0x00000000ffffa1e8,0x0000000100000000)
  to   space 174592K, 0% used [0x00000000eab00000,0x00000000eab00000,0x00000000f5580000)
 ParOldGen       total 403968K, used 289638K [0x00000000a0000000, 0x00000000b8a80000, 0x00000000e0000000)
  object space 403968K, 71% used [0x00000000a0000000,0x00000000b1ad9ae8,0x00000000b8a80000)
 Metaspace       used 97232K, capacity 101920K, committed 102168K, reserved 1138688K
  class space    used 11997K, capacity 13003K, committed 13104K, reserved 1048576K
Event: 1830.110 GC heap after
Heap after GC invocations=37 (full 6):
 PSYoungGen      total 349696K, used 146108K [0x00000000e0000000, 0x0000000100000000, 0x0000000100000000)
  eden space 175104K, 0% used [0x00000000e0000000,0x00000000e0000000,0x00000000eab00000)
  from space 174592K, 83% used [0x00000000eab00000,0x00000000f39af2a8,0x00000000f5580000)
  to   space 174592K, 0% used [0x00000000f5580000,0x00000000f5580000,0x0000000100000000)
 ParOldGen       total 403968K, used 289646K [0x00000000a0000000, 0x00000000b8a80000, 0x00000000e0000000)
  object space 403968K, 71% used [0x00000000a0000000,0x00000000b1adbae8,0x00000000b8a80000)
 Metaspace       used 97232K, capacity 101920K, committed 102168K, reserved 1138688K
  class space    used 11997K, capacity 13003K, committed 13104K, reserved 1048576K
}
Event: 1831.343 GC heap before
{Heap before GC invocations=38 (full 6):
 PSYoungGen      total 349696K, used 321212K [0x00000000e0000000, 0x0000000100000000, 0x0000000100000000)
  eden space 175104K, 100% used [0x00000000e0000000,0x00000000eab00000,0x00000000eab00000)
  from space 174592K, 83% used [0x00000000eab00000,0x00000000f39af2a8,0x00000000f5580000)
  to   space 174592K, 0% used [0x00000000f5580000,0x00000000f5580000,0x0000000100000000)
 ParOldGen       total 403968K, used 289646K [0x00000000a0000000, 0x00000000b8a80000, 0x00000000e0000000)
  object space 403968K, 71% used [0x00000000a0000000,0x00000000b1adbae8,0x00000000b8a80000)
 Metaspace       used 100354K, capacity 105100K, committed 105240K, reserved 1140736K
  class space    used 12321K, capacity 13349K, committed 13360K, reserved 1048576K
Event: 1831.543 GC heap after
Heap after GC invocations=38 (full 6):
 PSYoungGen      total 349696K, used 174579K [0x00000000e0000000, 0x0000000100000000, 0x0000000100000000)
  eden space 175104K, 0% used [0x00000000e0000000,0x00000000e0000000,0x00000000eab00000)
  from space 174592K, 99% used [0x00000000f5580000,0x00000000ffffcce0,0x0000000100000000)
  to   space 174592K, 0% used [0x00000000eab00000,0x00000000eab00000,0x00000000f5580000)
 ParOldGen       total 403968K, used 335304K [0x00000000a0000000, 0x00000000b8a80000, 0x00000000e0000000)
  object space 403968K, 83% used [0x00000000a0000000,0x00000000b47720a0,0x00000000b8a80000)
 Metaspace       used 100354K, capacity 105100K, committed 105240K, reserved 1140736K
  class space    used 12321K, capacity 13349K, committed 13360K, reserved 1048576K
}
Event: 2132.332 GC heap before
{Heap before GC invocations=39 (full 6):
 PSYoungGen      total 349696K, used 349683K [0x00000000e0000000, 0x0000000100000000, 0x0000000100000000)
  eden space 175104K, 100% used [0x00000000e0000000,0x00000000eab00000,0x00000000eab00000)
  from space 174592K, 99% used [0x00000000f5580000,0x00000000ffffcce0,0x0000000100000000)
  to   space 174592K, 0% used [0x00000000eab00000,0x00000000eab00000,0x00000000f5580000)
 ParOldGen       total 403968K, used 335304K [0x00000000a0000000, 0x00000000b8a80000, 0x00000000e0000000)
  object space 403968K, 83% used [0x00000000a0000000,0x00000000b47720a0,0x00000000b8a80000)
 Metaspace       used 100505K, capacity 105338K, committed 105624K, reserved 1140736K
  class space    used 12337K, capacity 13398K, committed 13488K, reserved 1048576K
Event: 2133.830 GC heap after
Heap after GC invocations=39 (full 6):
 PSYoungGen      total 349696K, used 174586K [0x00000000e0000000, 0x0000000100000000, 0x0000000100000000)
  eden space 175104K, 0% used [0x00000000e0000000,0x00000000e0000000,0x00000000eab00000)
  from space 174592K, 99% used [0x00000000eab00000,0x00000000f557e850,0x00000000f5580000)
  to   space 174592K, 0% used [0x00000000f5580000,0x00000000f5580000,0x0000000100000000)
 ParOldGen       total 403968K, used 353451K [0x00000000a0000000, 0x00000000b8a80000, 0x00000000e0000000)
  object space 403968K, 87% used [0x00000000a0000000,0x00000000b592afd0,0x00000000b8a80000)
 Metaspace       used 100505K, capacity 105338K, committed 105624K, reserved 1140736K
  class space    used 12337K, capacity 13398K, committed 13488K, reserved 1048576K
}
Event: 2133.830 GC heap before
{Heap before GC invocations=40 (full 7):
 PSYoungGen      total 349696K, used 174586K [0x00000000e0000000, 0x0000000100000000, 0x0000000100000000)
  eden space 175104K, 0% used [0x00000000e0000000,0x00000000e0000000,0x00000000eab00000)
  from space 174592K, 99% used [0x00000000eab00000,0x00000000f557e850,0x00000000f5580000)
  to   space 174592K, 0% used [0x00000000f5580000,0x00000000f5580000,0x0000000100000000)
 ParOldGen       total 403968K, used 353451K [0x00000000a0000000, 0x00000000b8a80000, 0x00000000e0000000)
  object space 403968K, 87% used [0x00000000a0000000,0x00000000b592afd0,0x00000000b8a80000)
 Metaspace       used 100505K, capacity 105338K, committed 105624K, reserved 1140736K
  class space    used 12337K, capacity 13398K, committed 13488K, reserved 1048576K

