# JRE version: OpenJDK Runtime Environment (8.0_152-b01) (build 1.8.0_152-release-1024-b01)
# Java VM: OpenJDK 64-Bit Server VM (25.152-b01 mixed mode linux-amd64 compressed oops)
Heap:
 PSYoungGen      total 349696K, used 0K [0x00000000e0000000, 0x0000000100000000, 0x0000000100000000)
  eden space 282624K, 0% used [0x00000000e0000000,0x00000000e0000000,0x00000000f1400000)
  from space 67072K, 0% used [0x00000000f1400000,0x00000000f1400000,0x00000000f5580000)
  to   space 123392K, 0% used [0x00000000f8780000,0x00000000f8780000,0x0000000100000000)
 ParOldGen       total 587264K, used 429578K [0x00000000a0000000, 0x00000000c3d80000, 0x00000000e0000000)
  object space 587264K, 73% used [0x00000000a0000000,0x00000000ba382860,0x00000000c3d80000)
 Metaspace       used 116432K, capacity 125162K, committed 125528K, reserved 1159168K
  class space    used 14315K, capacity 16313K, committed 16512K, reserved 1048576K
GC Heap History (10 events):
Event: 1935.049 GC heap after
Heap after GC invocations=99 (full 11):
 PSYoungGen      total 412160K, used 30366K [0x00000000e0000000, 0x00000000ffb00000, 0x0000000100000000)
  eden space 318464K, 0% used [0x00000000e0000000,0x00000000e0000000,0x00000000f3700000)
  from space 93696K, 32% used [0x00000000f3700000,0x00000000f54a7958,0x00000000f9280000)
  to   space 89600K, 0% used [0x00000000fa380000,0x00000000fa380000,0x00000000ffb00000)
 ParOldGen       total 587264K, used 411575K [0x00000000a0000000, 0x00000000c3d80000, 0x00000000e0000000)
  object space 587264K, 70% used [0x00000000a0000000,0x00000000b91edf38,0x00000000c3d80000)
 Metaspace       used 112661K, capacity 121338K, committed 123992K, reserved 1157120K
  class space    used 13920K, capacity 15913K, committed 16512K, reserved 1048576K
}
Event: 1936.756 GC heap before
{Heap before GC invocations=100 (full 11):
 PSYoungGen      total 412160K, used 348830K [0x00000000e0000000, 0x00000000ffb00000, 0x0000000100000000)
  eden space 318464K, 100% used [0x00000000e0000000,0x00000000f3700000,0x00000000f3700000)
  from space 93696K, 32% used [0x00000000f3700000,0x00000000f54a7958,0x00000000f9280000)
  to   space 89600K, 0% used [0x00000000fa380000,0x00000000fa380000,0x00000000ffb00000)
 ParOldGen       total 587264K, used 411575K [0x00000000a0000000, 0x00000000c3d80000, 0x00000000e0000000)
  object space 587264K, 70% used [0x00000000a0000000,0x00000000b91edf38,0x00000000c3d80000)
 Metaspace       used 116384K, capacity 125114K, committed 125528K, reserved 1159168K
  class space    used 14318K, capacity 16321K, committed 16512K, reserved 1048576K
Event: 1936.855 GC heap after
Heap after GC invocations=100 (full 11):
 PSYoungGen      total 414208K, used 68488K [0x00000000e0000000, 0x0000000100000000, 0x0000000100000000)
  eden space 324608K, 0% used [0x00000000e0000000,0x00000000e0000000,0x00000000f3d00000)
  from space 89600K, 76% used [0x00000000fa380000,0x00000000fe662170,0x00000000ffb00000)
  to   space 99840K, 0% used [0x00000000f3d00000,0x00000000f3d00000,0x00000000f9e80000)
 ParOldGen       total 587264K, used 411583K [0x00000000a0000000, 0x00000000c3d80000, 0x00000000e0000000)
  object space 587264K, 70% used [0x00000000a0000000,0x00000000b91eff38,0x00000000c3d80000)
 Metaspace       used 116384K, capacity 125114K, committed 125528K, reserved 1159168K
  class space    used 14318K, capacity 16321K, committed 16512K, reserved 1048576K
}
Event: 1938.301 GC heap before
{Heap before GC invocations=101 (full 11):
 PSYoungGen      total 414208K, used 393096K [0x00000000e0000000, 0x0000000100000000, 0x0000000100000000)
  eden space 324608K, 100% used [0x00000000e0000000,0x00000000f3d00000,0x00000000f3d00000)
  from space 89600K, 76% used [0x00000000fa380000,0x00000000fe662170,0x00000000ffb00000)
  to   space 99840K, 0% used [0x00000000f3d00000,0x00000000f3d00000,0x00000000f9e80000)
 ParOldGen       total 587264K, used 411583K [0x00000000a0000000, 0x00000000c3d80000, 0x00000000e0000000)
  object space 587264K, 70% used [0x00000000a0000000,0x00000000b91eff38,0x00000000c3d80000)
 Metaspace       used 116418K, capacity 125182K, committed 125528K, reserved 1159168K
  class space    used 14318K, capacity 16321K, committed 16512K, reserved 1048576K
Event: 1938.654 GC heap after
Heap after GC invocations=101 (full 11):
 PSYoungGen      total 395776K, used 70929K [0x00000000e0000000, 0x0000000100000000, 0x0000000100000000)
  eden space 324608K, 0% used [0x00000000e0000000,0x00000000e0000000,0x00000000f3d00000)
  from space 71168K, 99% used [0x00000000f3d00000,0x00000000f82444a0,0x00000000f8280000)
  to   space 109056K, 0% used [0x00000000f9580000,0x00000000f9580000,0x0000000100000000)
 ParOldGen       total 587264K, used 411591K [0x00000000a0000000, 0x00000000c3d80000, 0x00000000e0000000)
  object space 587264K, 70% used [0x00000000a0000000,0x00000000b91f1f38,0x00000000c3d80000)
 Metaspace       used 116418K, capacity 125182K, committed 125528K, reserved 1159168K
  class space    used 14318K, capacity 16321K, committed 16512K, reserved 1048576K
}
Event: 1939.227 GC heap before
{Heap before GC invocations=102 (full 11):
 PSYoungGen      total 395776K, used 395537K [0x00000000e0000000, 0x0000000100000000, 0x0000000100000000)
  eden space 324608K, 100% used [0x00000000e0000000,0x00000000f3d00000,0x00000000f3d00000)
  from space 71168K, 99% used [0x00000000f3d00000,0x00000000f82444a0,0x00000000f8280000)
  to   space 109056K, 0% used [0x00000000f9580000,0x00000000f9580000,0x0000000100000000)
 ParOldGen       total 587264K, used 411591K [0x00000000a0000000, 0x00000000c3d80000, 0x00000000e0000000)
  object space 587264K, 70% used [0x00000000a0000000,0x00000000b91f1f38,0x00000000c3d80000)
 Metaspace       used 116418K, capacity 125182K, committed 125528K, reserved 1159168K
  class space    used 14318K, capacity 16321K, committed 16512K, reserved 1048576K
Event: 1939.679 GC heap after
Heap after GC invocations=102 (full 11):
 PSYoungGen      total 391680K, used 84226K [0x00000000e0000000, 0x0000000100000000, 0x0000000100000000)
  eden space 282624K, 0% used [0x00000000e0000000,0x00000000e0000000,0x00000000f1400000)
  from space 109056K, 77% used [0x00000000f9580000,0x00000000fe7c0910,0x0000000100000000)
  to   space 120832K, 0% used [0x00000000f1400000,0x00000000f1400000,0x00000000f8a00000)
 ParOldGen       total 587264K, used 476667K [0x00000000a0000000, 0x00000000c3d80000, 0x00000000e0000000)
  object space 587264K, 81% used [0x00000000a0000000,0x00000000bd17eed8,0x00000000c3d80000)
 Metaspace       used 116418K, capacity 125182K, committed 125528K, reserved 1159168K
  class space    used 14318K, capacity 16321K, committed 16512K, reserved 1048576K
}
Event: 1941.152 GC heap before
{Heap before GC invocations=103 (full 11):
 PSYoungGen      total 391680K, used 366850K [0x00000000e0000000, 0x0000000100000000, 0x0000000100000000)
  eden space 282624K, 100% used [0x00000000e0000000,0x00000000f1400000,0x00000000f1400000)
  from space 109056K, 77% used [0x00000000f9580000,0x00000000fe7c0910,0x0000000100000000)
  to   space 120832K, 0% used [0x00000000f1400000,0x00000000f1400000,0x00000000f8a00000)
 ParOldGen       total 587264K, used 476667K [0x00000000a0000000, 0x00000000c3d80000, 0x00000000e0000000)
  object space 587264K, 81% used [0x00000000a0000000,0x00000000bd17eed8,0x00000000c3d80000)
 Metaspace       used 116446K, capacity 125194K, committed 125528K, reserved 1159168K
  class space    used 14319K, capacity 16321K, committed 16512K, reserved 1048576K
Event: 1941.329 GC heap after
Heap after GC invocations=103 (full 11):
 PSYoungGen      total 349696K, used 66995K [0x00000000e0000000, 0x0000000100000000, 0x0000000100000000)
  eden space 282624K, 0% used [0x00000000e0000000,0x00000000e0000000,0x00000000f1400000)
  from space 67072K, 99% used [0x00000000f1400000,0x00000000f556ce00,0x00000000f5580000)
  to   space 123392K, 0% used [0x00000000f8780000,0x00000000f8780000,0x0000000100000000)
 ParOldGen       total 587264K, used 519322K [0x00000000a0000000, 0x00000000c3d80000, 0x00000000e0000000)
  object space 587264K, 88% used [0x00000000a0000000,0x00000000bfb26a28,0x00000000c3d80000)
 Metaspace       used 116446K, capacity 125194K, committed 125528K, reserved 1159168K
  class space    used 14319K, capacity 16321K, committed 16512K, reserved 1048576K
}
Event: 1941.336 GC heap before
{Heap before GC invocations=104 (full 12):
 PSYoungGen      total 349696K, used 66995K [0x00000000e0000000, 0x0000000100000000, 0x0000000100000000)
  eden space 282624K, 0% used [0x00000000e0000000,0x00000000e0000000,0x00000000f1400000)
  from space 67072K, 99% used [0x00000000f1400000,0x00000000f556ce00,0x00000000f5580000)
  to   space 123392K, 0% used [0x00000000f8780000,0x00000000f8780000,0x0000000100000000)
 ParOldGen       total 587264K, used 519322K [0x00000000a0000000, 0x00000000c3d80000, 0x00000000e0000000)
  object space 587264K, 88% used [0x00000000a0000000,0x00000000bfb26a28,0x00000000c3d80000)
 Metaspace       used 116446K, capacity 125194K, committed 125528K, reserved 1159168K
  class space    used 14319K, capacity 16321K, committed 16512K, reserved 1048576K

