# JRE version: OpenJDK Runtime Environment (8.0_152-b01) (build 1.8.0_152-release-1024-b01)
# Java VM: OpenJDK 64-Bit Server VM (25.152-b01 mixed mode linux-amd64 compressed oops)
Heap:
 PSYoungGen      total 350208K, used 0K [0x00000000e0000000, 0x00000000fe900000, 0x0000000100000000)
  eden space 228352K, 0% used [0x00000000e0000000,0x00000000e0000000,0x00000000edf00000)
  from space 121856K, 0% used [0x00000000f7200000,0x00000000f7200000,0x00000000fe900000)
  to   space 136192K, 0% used [0x00000000edf00000,0x00000000edf00000,0x00000000f6400000)
 ParOldGen       total 773632K, used 732389K [0x00000000a0000000, 0x00000000cf380000, 0x00000000e0000000)
  object space 773632K, 94% used [0x00000000a0000000,0x00000000ccb394b0,0x00000000cf380000)
 Metaspace       used 131104K, capacity 137400K, committed 137944K, reserved 1169408K
  class space    used 15725K, capacity 17072K, committed 17152K, reserved 1048576K
GC Heap History (10 events):
Event: 3691.016 GC heap after
Heap after GC invocations=47 (full 7):
 PSYoungGen      total 381952K, used 381569K [0x00000000e0000000, 0x0000000100000000, 0x0000000100000000)
  eden space 272896K, 100% used [0x00000000e0000000,0x00000000f0a80000,0x00000000f0a80000)
  from space 109056K, 99% used [0x00000000f0a80000,0x00000000f74a07b8,0x00000000f7500000)
  to   space 140288K, 8% used [0x00000000f7700000,0x00000000f83303f0,0x0000000100000000)
 ParOldGen       total 596992K, used 596926K [0x00000000a0000000, 0x00000000c4700000, 0x00000000e0000000)
  object space 596992K, 99% used [0x00000000a0000000,0x00000000c46ef808,0x00000000c4700000)
 Metaspace       used 127047K, capacity 133186K, committed 133464K, reserved 1165312K
  class space    used 15335K, capacity 16648K, committed 16768K, reserved 1048576K
}
Event: 3691.016 GC heap before
{Heap before GC invocations=48 (full 8):
 PSYoungGen      total 381952K, used 381569K [0x00000000e0000000, 0x0000000100000000, 0x0000000100000000)
  eden space 272896K, 100% used [0x00000000e0000000,0x00000000f0a80000,0x00000000f0a80000)
  from space 109056K, 99% used [0x00000000f0a80000,0x00000000f74a07b8,0x00000000f7500000)
  to   space 140288K, 8% used [0x00000000f7700000,0x00000000f83303f0,0x0000000100000000)
 ParOldGen       total 596992K, used 596926K [0x00000000a0000000, 0x00000000c4700000, 0x00000000e0000000)
  object space 596992K, 99% used [0x00000000a0000000,0x00000000c46ef808,0x00000000c4700000)
 Metaspace       used 127047K, capacity 133186K, committed 133464K, reserved 1165312K
  class space    used 15335K, capacity 16648K, committed 16768K, reserved 1048576K
Event: 3692.971 GC heap after
Heap after GC invocations=48 (full 8):
 PSYoungGen      total 381952K, used 0K [0x00000000e0000000, 0x0000000100000000, 0x0000000100000000)
  eden space 272896K, 0% used [0x00000000e0000000,0x00000000e0000000,0x00000000f0a80000)
  from space 109056K, 0% used [0x00000000f0a80000,0x00000000f0a80000,0x00000000f7500000)
  to   space 140288K, 0% used [0x00000000f7700000,0x00000000f7700000,0x0000000100000000)
 ParOldGen       total 773632K, used 590182K [0x00000000a0000000, 0x00000000cf380000, 0x00000000e0000000)
  object space 773632K, 76% used [0x00000000a0000000,0x00000000c4059828,0x00000000cf380000)
 Metaspace       used 127041K, capacity 133176K, committed 133464K, reserved 1165312K
  class space    used 15333K, capacity 16646K, committed 16768K, reserved 1048576K
}
Event: 3694.889 GC heap before
{Heap before GC invocations=49 (full 8):
 PSYoungGen      total 381952K, used 272896K [0x00000000e0000000, 0x0000000100000000, 0x0000000100000000)
  eden space 272896K, 100% used [0x00000000e0000000,0x00000000f0a80000,0x00000000f0a80000)
  from space 109056K, 0% used [0x00000000f0a80000,0x00000000f0a80000,0x00000000f7500000)
  to   space 140288K, 0% used [0x00000000f7700000,0x00000000f7700000,0x0000000100000000)
 ParOldGen       total 773632K, used 590182K [0x00000000a0000000, 0x00000000cf380000, 0x00000000e0000000)
  object space 773632K, 76% used [0x00000000a0000000,0x00000000c4059828,0x00000000cf380000)
 Metaspace       used 130403K, capacity 136612K, committed 136792K, reserved 1169408K
  class space    used 15666K, capacity 16992K, committed 17024K, reserved 1048576K
Event: 3695.006 GC heap after
Heap after GC invocations=49 (full 8):
 PSYoungGen      total 363520K, used 98046K [0x00000000e0000000, 0x0000000100000000, 0x0000000100000000)
  eden space 223232K, 0% used [0x00000000e0000000,0x00000000e0000000,0x00000000eda00000)
  from space 140288K, 69% used [0x00000000f7700000,0x00000000fd6bfb70,0x0000000100000000)
  to   space 150528K, 0% used [0x00000000eda00000,0x00000000eda00000,0x00000000f6d00000)
 ParOldGen       total 773632K, used 590190K [0x00000000a0000000, 0x00000000cf380000, 0x00000000e0000000)
  object space 773632K, 76% used [0x00000000a0000000,0x00000000c405b828,0x00000000cf380000)
 Metaspace       used 130403K, capacity 136612K, committed 136792K, reserved 1169408K
  class space    used 15666K, capacity 16992K, committed 17024K, reserved 1048576K
}
Event: 4291.563 GC heap before
{Heap before GC invocations=50 (full 8):
 PSYoungGen      total 363520K, used 321278K [0x00000000e0000000, 0x0000000100000000, 0x0000000100000000)
  eden space 223232K, 100% used [0x00000000e0000000,0x00000000eda00000,0x00000000eda00000)
  from space 140288K, 69% used [0x00000000f7700000,0x00000000fd6bfb70,0x0000000100000000)
  to   space 150528K, 0% used [0x00000000eda00000,0x00000000eda00000,0x00000000f6d00000)
 ParOldGen       total 773632K, used 590190K [0x00000000a0000000, 0x00000000cf380000, 0x00000000e0000000)
  object space 773632K, 76% used [0x00000000a0000000,0x00000000c405b828,0x00000000cf380000)
 Metaspace       used 130600K, capacity 136938K, committed 137176K, reserved 1169408K
  class space    used 15689K, capacity 17055K, committed 17152K, reserved 1048576K
Event: 4294.517 GC heap after
Heap after GC invocations=50 (full 8):
 PSYoungGen      total 373760K, used 21712K [0x00000000e0000000, 0x0000000100000000, 0x0000000100000000)
  eden space 223232K, 0% used [0x00000000e0000000,0x00000000e0000000,0x00000000eda00000)
  from space 150528K, 14% used [0x00000000eda00000,0x00000000eef34040,0x00000000f6d00000)
  to   space 145408K, 0% used [0x00000000f7200000,0x00000000f7200000,0x0000000100000000)
 ParOldGen       total 773632K, used 681015K [0x00000000a0000000, 0x00000000cf380000, 0x00000000e0000000)
  object space 773632K, 88% used [0x00000000a0000000,0x00000000c990dfc8,0x00000000cf380000)
 Metaspace       used 130600K, capacity 136938K, committed 137176K, reserved 1169408K
  class space    used 15689K, capacity 17055K, committed 17152K, reserved 1048576K
}
Event: 4304.909 GC heap before
{Heap before GC invocations=51 (full 8):
 PSYoungGen      total 373760K, used 244944K [0x00000000e0000000, 0x0000000100000000, 0x0000000100000000)
  eden space 223232K, 100% used [0x00000000e0000000,0x00000000eda00000,0x00000000eda00000)
  from space 150528K, 14% used [0x00000000eda00000,0x00000000eef34040,0x00000000f6d00000)
  to   space 145408K, 0% used [0x00000000f7200000,0x00000000f7200000,0x0000000100000000)
 ParOldGen       total 773632K, used 681015K [0x00000000a0000000, 0x00000000cf380000, 0x00000000e0000000)
  object space 773632K, 88% used [0x00000000a0000000,0x00000000c990dfc8,0x00000000cf380000)
 Metaspace       used 131348K, capacity 137800K, committed 137944K, reserved 1169408K
  class space    used 15761K, capacity 17140K, committed 17152K, reserved 1048576K
Event: 4305.339 GC heap after
Heap after GC invocations=51 (full 8):
 PSYoungGen      total 350208K, used 41093K [0x00000000e0000000, 0x00000000fe900000, 0x0000000100000000)
  eden space 228352K, 0% used [0x00000000e0000000,0x00000000e0000000,0x00000000edf00000)
  from space 121856K, 33% used [0x00000000f7200000,0x00000000f9a215e0,0x00000000fe900000)
  to   space 136192K, 0% used [0x00000000edf00000,0x00000000edf00000,0x00000000f6400000)
 ParOldGen       total 773632K, used 701260K [0x00000000a0000000, 0x00000000cf380000, 0x00000000e0000000)
  object space 773632K, 90% used [0x00000000a0000000,0x00000000cacd3240,0x00000000cf380000)
 Metaspace       used 131348K, capacity 137800K, committed 137944K, reserved 1169408K
  class space    used 15761K, capacity 17140K, committed 17152K, reserved 1048576K
}
Event: 4305.339 GC heap before
{Heap before GC invocations=52 (full 9):
 PSYoungGen      total 350208K, used 41093K [0x00000000e0000000, 0x00000000fe900000, 0x0000000100000000)
  eden space 228352K, 0% used [0x00000000e0000000,0x00000000e0000000,0x00000000edf00000)
  from space 121856K, 33% used [0x00000000f7200000,0x00000000f9a215e0,0x00000000fe900000)
  to   space 136192K, 0% used [0x00000000edf00000,0x00000000edf00000,0x00000000f6400000)
 ParOldGen       total 773632K, used 701260K [0x00000000a0000000, 0x00000000cf380000, 0x00000000e0000000)
  object space 773632K, 90% used [0x00000000a0000000,0x00000000cacd3240,0x00000000cf380000)
 Metaspace       used 131348K, capacity 137800K, committed 137944K, reserved 1169408K
  class space    used 15761K, capacity 17140K, committed 17152K, reserved 1048576K

